[Sun Apr 22 21:41:39.404129 2018] [ssl:warn] [pid 2032:tid 588] AH01909: www.example.com:443:0 server certificate does NOT include an ID which matches the server name
[Sun Apr 22 21:41:39.816422 2018] [ssl:warn] [pid 2032:tid 588] AH01909: www.example.com:443:0 server certificate does NOT include an ID which matches the server name
[Sun Apr 22 21:41:39.873464 2018] [mpm_winnt:notice] [pid 2032:tid 588] AH00455: Apache/2.4.28 (Win32) OpenSSL/1.0.2l PHP/7.1.10 configured -- resuming normal operations
[Sun Apr 22 21:41:39.874464 2018] [mpm_winnt:notice] [pid 2032:tid 588] AH00456: Apache Lounge VC14 Server built: Oct  4 2017 11:36:32
[Sun Apr 22 21:41:39.874464 2018] [core:notice] [pid 2032:tid 588] AH00094: Command line: 'apache\\bin\\httpd.exe -d E:/Moodle/server/apache -f conf\\httpd.conf'
[Sun Apr 22 21:41:39.942512 2018] [mpm_winnt:notice] [pid 2032:tid 588] AH00418: Parent: Created child process 23372
[Sun Apr 22 21:41:41.167168 2018] [ssl:warn] [pid 23372:tid 680] AH01909: www.example.com:443:0 server certificate does NOT include an ID which matches the server name
[Sun Apr 22 21:41:41.412343 2018] [ssl:warn] [pid 23372:tid 680] AH01909: www.example.com:443:0 server certificate does NOT include an ID which matches the server name
[Sun Apr 22 21:41:41.440008 2018] [mpm_winnt:notice] [pid 23372:tid 680] AH00354: Child: Starting 150 worker threads.
[Sun Apr 22 21:43:13.919441 2018] [mpm_winnt:notice] [pid 2032:tid 588] AH00422: Parent: Received shutdown signal -- Shutting down the server.
[Sun Apr 22 21:43:15.922745 2018] [mpm_winnt:notice] [pid 23372:tid 680] AH00364: Child: All worker threads have exited.
[Sun Apr 22 21:43:15.973164 2018] [mpm_winnt:notice] [pid 2032:tid 588] AH00430: Parent: Child process 23372 exited successfully.
[Sun Apr 22 21:43:33.529575 2018] [ssl:warn] [pid 20328:tid 596] AH01909: www.example.com:443:0 server certificate does NOT include an ID which matches the server name
[Sun Apr 22 21:43:33.764244 2018] [ssl:warn] [pid 20328:tid 596] AH01909: www.example.com:443:0 server certificate does NOT include an ID which matches the server name
[Sun Apr 22 21:43:33.792279 2018] [mpm_winnt:notice] [pid 20328:tid 596] AH00455: Apache/2.4.28 (Win32) OpenSSL/1.0.2l PHP/7.1.10 configured -- resuming normal operations
[Sun Apr 22 21:43:33.792279 2018] [mpm_winnt:notice] [pid 20328:tid 596] AH00456: Apache Lounge VC14 Server built: Oct  4 2017 11:36:32
[Sun Apr 22 21:43:33.792279 2018] [core:notice] [pid 20328:tid 596] AH00094: Command line: 'apache\\bin\\httpd.exe -d E:/Moodle/server/apache -f conf\\httpd.conf'
[Sun Apr 22 21:43:33.856307 2018] [mpm_winnt:notice] [pid 20328:tid 596] AH00418: Parent: Created child process 11088
[Sun Apr 22 21:43:34.739555 2018] [ssl:warn] [pid 11088:tid 652] AH01909: www.example.com:443:0 server certificate does NOT include an ID which matches the server name
[Sun Apr 22 21:43:34.964258 2018] [ssl:warn] [pid 11088:tid 652] AH01909: www.example.com:443:0 server certificate does NOT include an ID which matches the server name
[Sun Apr 22 21:43:34.988238 2018] [mpm_winnt:notice] [pid 11088:tid 652] AH00354: Child: Starting 150 worker threads.
[Sun Apr 22 22:32:42.084474 2018] [mpm_winnt:notice] [pid 20328:tid 596] AH00422: Parent: Received shutdown signal -- Shutting down the server.
[Sun Apr 22 22:32:44.087479 2018] [mpm_winnt:notice] [pid 11088:tid 652] AH00364: Child: All worker threads have exited.
[Sun Apr 22 22:32:44.253258 2018] [mpm_winnt:notice] [pid 20328:tid 596] AH00430: Parent: Child process 11088 exited successfully.
[Mon Apr 23 21:11:23.009261 2018] [ssl:warn] [pid 22008:tid 636] AH01909: www.example.com:443:0 server certificate does NOT include an ID which matches the server name
[Mon Apr 23 21:11:23.333494 2018] [ssl:warn] [pid 22008:tid 636] AH01909: www.example.com:443:0 server certificate does NOT include an ID which matches the server name
[Mon Apr 23 21:11:24.619406 2018] [mpm_winnt:notice] [pid 22008:tid 636] AH00455: Apache/2.4.28 (Win32) OpenSSL/1.0.2l PHP/7.1.10 configured -- resuming normal operations
[Mon Apr 23 21:11:24.619406 2018] [mpm_winnt:notice] [pid 22008:tid 636] AH00456: Apache Lounge VC14 Server built: Oct  4 2017 11:36:32
[Mon Apr 23 21:11:24.620407 2018] [core:notice] [pid 22008:tid 636] AH00094: Command line: 'apache\\bin\\httpd.exe -d E:/Moodle/server/apache -f conf\\httpd.conf'
[Mon Apr 23 21:11:24.621408 2018] [mpm_winnt:notice] [pid 22008:tid 636] AH00418: Parent: Created child process 3188
[Mon Apr 23 21:11:25.682172 2018] [ssl:warn] [pid 3188:tid 652] AH01909: www.example.com:443:0 server certificate does NOT include an ID which matches the server name
[Mon Apr 23 21:11:25.928346 2018] [ssl:warn] [pid 3188:tid 652] AH01909: www.example.com:443:0 server certificate does NOT include an ID which matches the server name
[Mon Apr 23 21:11:25.960368 2018] [mpm_winnt:notice] [pid 3188:tid 652] AH00354: Child: Starting 150 worker threads.
[Tue Apr 24 00:07:45.929451 2018] [mpm_winnt:notice] [pid 22008:tid 636] AH00428: Parent: child process 3188 exited with status 3221226356 -- Restarting.
[Tue Apr 24 00:07:46.645851 2018] [ssl:warn] [pid 22008:tid 636] AH01909: www.example.com:443:0 server certificate does NOT include an ID which matches the server name
[Tue Apr 24 00:07:48.423889 2018] [mpm_winnt:notice] [pid 22008:tid 636] AH00455: Apache/2.4.28 (Win32) OpenSSL/1.0.2l PHP/7.1.10 configured -- resuming normal operations
[Tue Apr 24 00:07:48.423889 2018] [mpm_winnt:notice] [pid 22008:tid 636] AH00456: Apache Lounge VC14 Server built: Oct  4 2017 11:36:32
[Tue Apr 24 00:07:48.424390 2018] [core:notice] [pid 22008:tid 636] AH00094: Command line: 'apache\\bin\\httpd.exe -d E:/Moodle/server/apache -f conf\\httpd.conf'
[Tue Apr 24 00:07:48.488259 2018] [mpm_winnt:notice] [pid 22008:tid 636] AH00418: Parent: Created child process 10172
[Tue Apr 24 00:07:49.703864 2018] [ssl:warn] [pid 10172:tid 588] AH01909: www.example.com:443:0 server certificate does NOT include an ID which matches the server name
[Tue Apr 24 00:07:50.456667 2018] [ssl:warn] [pid 10172:tid 588] AH01909: www.example.com:443:0 server certificate does NOT include an ID which matches the server name
[Tue Apr 24 00:07:50.481689 2018] [mpm_winnt:notice] [pid 10172:tid 588] AH00354: Child: Starting 150 worker threads.
[Tue Apr 24 01:02:57.666475 2018] [mpm_winnt:notice] [pid 22008:tid 636] AH00428: Parent: child process 10172 exited with status 3221226356 -- Restarting.
[Tue Apr 24 01:02:58.362704 2018] [ssl:warn] [pid 22008:tid 636] AH01909: www.example.com:443:0 server certificate does NOT include an ID which matches the server name
[Tue Apr 24 01:02:58.474787 2018] [mpm_winnt:notice] [pid 22008:tid 636] AH00455: Apache/2.4.28 (Win32) OpenSSL/1.0.2l PHP/7.1.10 configured -- resuming normal operations
[Tue Apr 24 01:02:58.474787 2018] [mpm_winnt:notice] [pid 22008:tid 636] AH00456: Apache Lounge VC14 Server built: Oct  4 2017 11:36:32
[Tue Apr 24 01:02:58.474787 2018] [core:notice] [pid 22008:tid 636] AH00094: Command line: 'apache\\bin\\httpd.exe -d E:/Moodle/server/apache -f conf\\httpd.conf'
[Tue Apr 24 01:02:58.550732 2018] [mpm_winnt:notice] [pid 22008:tid 636] AH00418: Parent: Created child process 5512
[Tue Apr 24 01:02:59.872562 2018] [ssl:warn] [pid 5512:tid 616] AH01909: www.example.com:443:0 server certificate does NOT include an ID which matches the server name
[Tue Apr 24 01:03:00.148758 2018] [ssl:warn] [pid 5512:tid 616] AH01909: www.example.com:443:0 server certificate does NOT include an ID which matches the server name
[Tue Apr 24 01:03:00.528028 2018] [mpm_winnt:notice] [pid 5512:tid 616] AH00354: Child: Starting 150 worker threads.
[Tue Apr 24 01:03:17.960761 2018] [mpm_winnt:notice] [pid 22008:tid 636] AH00428: Parent: child process 5512 exited with status 3221226356 -- Restarting.
[Tue Apr 24 01:03:18.654255 2018] [ssl:warn] [pid 22008:tid 636] AH01909: www.example.com:443:0 server certificate does NOT include an ID which matches the server name
[Tue Apr 24 01:03:18.729307 2018] [mpm_winnt:notice] [pid 22008:tid 636] AH00455: Apache/2.4.28 (Win32) OpenSSL/1.0.2l PHP/7.1.10 configured -- resuming normal operations
[Tue Apr 24 01:03:18.729307 2018] [mpm_winnt:notice] [pid 22008:tid 636] AH00456: Apache Lounge VC14 Server built: Oct  4 2017 11:36:32
[Tue Apr 24 01:03:18.729307 2018] [core:notice] [pid 22008:tid 636] AH00094: Command line: 'apache\\bin\\httpd.exe -d E:/Moodle/server/apache -f conf\\httpd.conf'
[Tue Apr 24 01:03:18.884418 2018] [mpm_winnt:notice] [pid 22008:tid 636] AH00418: Parent: Created child process 13700
[Tue Apr 24 01:03:21.665396 2018] [ssl:warn] [pid 13700:tid 756] AH01909: www.example.com:443:0 server certificate does NOT include an ID which matches the server name
[Tue Apr 24 01:03:22.891268 2018] [ssl:warn] [pid 13700:tid 756] AH01909: www.example.com:443:0 server certificate does NOT include an ID which matches the server name
[Tue Apr 24 01:03:23.166463 2018] [mpm_winnt:notice] [pid 13700:tid 756] AH00354: Child: Starting 150 worker threads.
[Tue Apr 24 01:05:56.968313 2018] [mpm_winnt:notice] [pid 22008:tid 636] AH00428: Parent: child process 13700 exited with status 3221226356 -- Restarting.
[Tue Apr 24 01:05:57.384601 2018] [ssl:warn] [pid 22008:tid 636] AH01909: www.example.com:443:0 server certificate does NOT include an ID which matches the server name
[Tue Apr 24 01:05:57.407554 2018] [mpm_winnt:notice] [pid 22008:tid 636] AH00455: Apache/2.4.28 (Win32) OpenSSL/1.0.2l PHP/7.1.10 configured -- resuming normal operations
[Tue Apr 24 01:05:57.407554 2018] [mpm_winnt:notice] [pid 22008:tid 636] AH00456: Apache Lounge VC14 Server built: Oct  4 2017 11:36:32
[Tue Apr 24 01:05:57.407554 2018] [core:notice] [pid 22008:tid 636] AH00094: Command line: 'apache\\bin\\httpd.exe -d E:/Moodle/server/apache -f conf\\httpd.conf'
[Tue Apr 24 01:05:57.446460 2018] [mpm_winnt:notice] [pid 22008:tid 636] AH00418: Parent: Created child process 26764
[Tue Apr 24 01:05:59.309216 2018] [ssl:warn] [pid 26764:tid 784] AH01909: www.example.com:443:0 server certificate does NOT include an ID which matches the server name
[Tue Apr 24 01:06:01.587679 2018] [ssl:warn] [pid 26764:tid 784] AH01909: www.example.com:443:0 server certificate does NOT include an ID which matches the server name
[Tue Apr 24 01:06:01.620702 2018] [mpm_winnt:notice] [pid 26764:tid 784] AH00354: Child: Starting 150 worker threads.
[Tue Apr 24 01:11:07.133868 2018] [mpm_winnt:notice] [pid 22008:tid 636] AH00428: Parent: child process 26764 exited with status 3221226356 -- Restarting.
[Tue Apr 24 01:11:07.563172 2018] [ssl:warn] [pid 22008:tid 636] AH01909: www.example.com:443:0 server certificate does NOT include an ID which matches the server name
[Tue Apr 24 01:11:07.585204 2018] [mpm_winnt:notice] [pid 22008:tid 636] AH00455: Apache/2.4.28 (Win32) OpenSSL/1.0.2l PHP/7.1.10 configured -- resuming normal operations
[Tue Apr 24 01:11:07.585204 2018] [mpm_winnt:notice] [pid 22008:tid 636] AH00456: Apache Lounge VC14 Server built: Oct  4 2017 11:36:32
[Tue Apr 24 01:11:07.585204 2018] [core:notice] [pid 22008:tid 636] AH00094: Command line: 'apache\\bin\\httpd.exe -d E:/Moodle/server/apache -f conf\\httpd.conf'
[Tue Apr 24 01:11:08.205582 2018] [mpm_winnt:notice] [pid 22008:tid 636] AH00418: Parent: Created child process 9656
[Tue Apr 24 01:11:11.066349 2018] [ssl:warn] [pid 9656:tid 792] AH01909: www.example.com:443:0 server certificate does NOT include an ID which matches the server name
[Tue Apr 24 01:11:12.624362 2018] [ssl:warn] [pid 9656:tid 792] AH01909: www.example.com:443:0 server certificate does NOT include an ID which matches the server name
[Tue Apr 24 01:11:12.659242 2018] [mpm_winnt:notice] [pid 9656:tid 792] AH00354: Child: Starting 150 worker threads.
[Tue Apr 24 01:25:58.686316 2018] [mpm_winnt:notice] [pid 22008:tid 636] AH00428: Parent: child process 9656 exited with status 3221226356 -- Restarting.
[Tue Apr 24 01:25:59.541924 2018] [ssl:warn] [pid 22008:tid 636] AH01909: www.example.com:443:0 server certificate does NOT include an ID which matches the server name
[Tue Apr 24 01:25:59.694320 2018] [mpm_winnt:notice] [pid 22008:tid 636] AH00455: Apache/2.4.28 (Win32) OpenSSL/1.0.2l PHP/7.1.10 configured -- resuming normal operations
[Tue Apr 24 01:25:59.694320 2018] [mpm_winnt:notice] [pid 22008:tid 636] AH00456: Apache Lounge VC14 Server built: Oct  4 2017 11:36:32
[Tue Apr 24 01:25:59.694320 2018] [core:notice] [pid 22008:tid 636] AH00094: Command line: 'apache\\bin\\httpd.exe -d E:/Moodle/server/apache -f conf\\httpd.conf'
[Tue Apr 24 01:26:00.089598 2018] [mpm_winnt:notice] [pid 22008:tid 636] AH00418: Parent: Created child process 4220
[Tue Apr 24 01:26:03.075830 2018] [ssl:warn] [pid 4220:tid 792] AH01909: www.example.com:443:0 server certificate does NOT include an ID which matches the server name
[Tue Apr 24 01:26:04.290341 2018] [ssl:warn] [pid 4220:tid 792] AH01909: www.example.com:443:0 server certificate does NOT include an ID which matches the server name
[Tue Apr 24 01:26:04.409148 2018] [mpm_winnt:notice] [pid 4220:tid 792] AH00354: Child: Starting 150 worker threads.
[Tue Apr 24 01:28:20.392420 2018] [mpm_winnt:notice] [pid 22008:tid 636] AH00428: Parent: child process 4220 exited with status 3221226356 -- Restarting.
[Tue Apr 24 01:28:20.888771 2018] [ssl:warn] [pid 22008:tid 636] AH01909: www.example.com:443:0 server certificate does NOT include an ID which matches the server name
[Tue Apr 24 01:28:20.910170 2018] [mpm_winnt:notice] [pid 22008:tid 636] AH00455: Apache/2.4.28 (Win32) OpenSSL/1.0.2l PHP/7.1.10 configured -- resuming normal operations
[Tue Apr 24 01:28:20.910170 2018] [mpm_winnt:notice] [pid 22008:tid 636] AH00456: Apache Lounge VC14 Server built: Oct  4 2017 11:36:32
[Tue Apr 24 01:28:20.910170 2018] [core:notice] [pid 22008:tid 636] AH00094: Command line: 'apache\\bin\\httpd.exe -d E:/Moodle/server/apache -f conf\\httpd.conf'
[Tue Apr 24 01:28:20.954121 2018] [mpm_winnt:notice] [pid 22008:tid 636] AH00418: Parent: Created child process 21840
[Tue Apr 24 01:28:22.585457 2018] [ssl:warn] [pid 21840:tid 636] AH01909: www.example.com:443:0 server certificate does NOT include an ID which matches the server name
[Tue Apr 24 01:28:22.808615 2018] [ssl:warn] [pid 21840:tid 636] AH01909: www.example.com:443:0 server certificate does NOT include an ID which matches the server name
[Tue Apr 24 01:28:22.837637 2018] [mpm_winnt:notice] [pid 21840:tid 636] AH00354: Child: Starting 150 worker threads.
[Tue Apr 24 01:28:53.543047 2018] [mpm_winnt:notice] [pid 22008:tid 636] AH00428: Parent: child process 21840 exited with status 3221226356 -- Restarting.
[Tue Apr 24 01:28:54.031488 2018] [ssl:warn] [pid 22008:tid 636] AH01909: www.example.com:443:0 server certificate does NOT include an ID which matches the server name
[Tue Apr 24 01:28:54.052504 2018] [mpm_winnt:notice] [pid 22008:tid 636] AH00455: Apache/2.4.28 (Win32) OpenSSL/1.0.2l PHP/7.1.10 configured -- resuming normal operations
[Tue Apr 24 01:28:54.053504 2018] [mpm_winnt:notice] [pid 22008:tid 636] AH00456: Apache Lounge VC14 Server built: Oct  4 2017 11:36:32
[Tue Apr 24 01:28:54.053504 2018] [core:notice] [pid 22008:tid 636] AH00094: Command line: 'apache\\bin\\httpd.exe -d E:/Moodle/server/apache -f conf\\httpd.conf'
[Tue Apr 24 01:28:54.125964 2018] [mpm_winnt:notice] [pid 22008:tid 636] AH00418: Parent: Created child process 26328
[Tue Apr 24 01:28:55.060627 2018] [ssl:warn] [pid 26328:tid 568] AH01909: www.example.com:443:0 server certificate does NOT include an ID which matches the server name
[Tue Apr 24 01:28:55.340826 2018] [ssl:warn] [pid 26328:tid 568] AH01909: www.example.com:443:0 server certificate does NOT include an ID which matches the server name
[Tue Apr 24 01:28:55.367846 2018] [mpm_winnt:notice] [pid 26328:tid 568] AH00354: Child: Starting 150 worker threads.
[Tue Apr 24 01:33:37.480312 2018] [mpm_winnt:notice] [pid 22008:tid 636] AH00428: Parent: child process 26328 exited with status 3221226356 -- Restarting.
[Tue Apr 24 01:33:38.033688 2018] [ssl:warn] [pid 22008:tid 636] AH01909: www.example.com:443:0 server certificate does NOT include an ID which matches the server name
[Tue Apr 24 01:33:38.057047 2018] [mpm_winnt:notice] [pid 22008:tid 636] AH00455: Apache/2.4.28 (Win32) OpenSSL/1.0.2l PHP/7.1.10 configured -- resuming normal operations
[Tue Apr 24 01:33:38.058051 2018] [mpm_winnt:notice] [pid 22008:tid 636] AH00456: Apache Lounge VC14 Server built: Oct  4 2017 11:36:32
[Tue Apr 24 01:33:38.058051 2018] [core:notice] [pid 22008:tid 636] AH00094: Command line: 'apache\\bin\\httpd.exe -d E:/Moodle/server/apache -f conf\\httpd.conf'
[Tue Apr 24 01:33:38.902636 2018] [mpm_winnt:notice] [pid 22008:tid 636] AH00418: Parent: Created child process 18560
[Tue Apr 24 01:33:40.488762 2018] [ssl:warn] [pid 18560:tid 680] AH01909: www.example.com:443:0 server certificate does NOT include an ID which matches the server name
[Tue Apr 24 01:33:40.786975 2018] [ssl:warn] [pid 18560:tid 680] AH01909: www.example.com:443:0 server certificate does NOT include an ID which matches the server name
[Tue Apr 24 01:33:40.823001 2018] [mpm_winnt:notice] [pid 18560:tid 680] AH00354: Child: Starting 150 worker threads.
[Tue Apr 24 01:37:18.004479 2018] [mpm_winnt:notice] [pid 22008:tid 636] AH00428: Parent: child process 18560 exited with status 3221226356 -- Restarting.
[Tue Apr 24 01:37:18.854325 2018] [ssl:warn] [pid 22008:tid 636] AH01909: www.example.com:443:0 server certificate does NOT include an ID which matches the server name
[Tue Apr 24 01:37:18.914819 2018] [mpm_winnt:notice] [pid 22008:tid 636] AH00455: Apache/2.4.28 (Win32) OpenSSL/1.0.2l PHP/7.1.10 configured -- resuming normal operations
[Tue Apr 24 01:37:18.914819 2018] [mpm_winnt:notice] [pid 22008:tid 636] AH00456: Apache Lounge VC14 Server built: Oct  4 2017 11:36:32
[Tue Apr 24 01:37:18.914819 2018] [core:notice] [pid 22008:tid 636] AH00094: Command line: 'apache\\bin\\httpd.exe -d E:/Moodle/server/apache -f conf\\httpd.conf'
[Tue Apr 24 01:37:18.996271 2018] [mpm_winnt:notice] [pid 22008:tid 636] AH00418: Parent: Created child process 7784
[Tue Apr 24 01:37:20.060784 2018] [ssl:warn] [pid 7784:tid 616] AH01909: www.example.com:443:0 server certificate does NOT include an ID which matches the server name
[Tue Apr 24 01:37:20.288951 2018] [ssl:warn] [pid 7784:tid 616] AH01909: www.example.com:443:0 server certificate does NOT include an ID which matches the server name
[Tue Apr 24 01:37:20.314130 2018] [mpm_winnt:notice] [pid 7784:tid 616] AH00354: Child: Starting 150 worker threads.
[Tue Apr 24 01:48:40.980588 2018] [mpm_winnt:notice] [pid 22008:tid 636] AH00428: Parent: child process 7784 exited with status 3221226356 -- Restarting.
[Tue Apr 24 01:48:42.096605 2018] [ssl:warn] [pid 22008:tid 636] AH01909: www.example.com:443:0 server certificate does NOT include an ID which matches the server name
[Tue Apr 24 01:48:42.745228 2018] [mpm_winnt:notice] [pid 22008:tid 636] AH00455: Apache/2.4.28 (Win32) OpenSSL/1.0.2l PHP/7.1.10 configured -- resuming normal operations
[Tue Apr 24 01:48:42.745228 2018] [mpm_winnt:notice] [pid 22008:tid 636] AH00456: Apache Lounge VC14 Server built: Oct  4 2017 11:36:32
[Tue Apr 24 01:48:42.745228 2018] [core:notice] [pid 22008:tid 636] AH00094: Command line: 'apache\\bin\\httpd.exe -d E:/Moodle/server/apache -f conf\\httpd.conf'
[Tue Apr 24 01:48:42.810742 2018] [mpm_winnt:notice] [pid 22008:tid 636] AH00418: Parent: Created child process 11828
[Tue Apr 24 01:48:44.026674 2018] [ssl:warn] [pid 11828:tid 696] AH01909: www.example.com:443:0 server certificate does NOT include an ID which matches the server name
[Tue Apr 24 01:48:44.265756 2018] [ssl:warn] [pid 11828:tid 696] AH01909: www.example.com:443:0 server certificate does NOT include an ID which matches the server name
[Tue Apr 24 01:48:44.299952 2018] [mpm_winnt:notice] [pid 11828:tid 696] AH00354: Child: Starting 150 worker threads.
[Tue Apr 24 02:39:31.227740 2018] [mpm_winnt:notice] [pid 22008:tid 636] AH00428: Parent: child process 11828 exited with status 3221226356 -- Restarting.
[Tue Apr 24 02:39:32.085967 2018] [ssl:warn] [pid 22008:tid 636] AH01909: www.example.com:443:0 server certificate does NOT include an ID which matches the server name
[Tue Apr 24 02:39:32.223986 2018] [mpm_winnt:notice] [pid 22008:tid 636] AH00455: Apache/2.4.28 (Win32) OpenSSL/1.0.2l PHP/7.1.10 configured -- resuming normal operations
[Tue Apr 24 02:39:32.224987 2018] [mpm_winnt:notice] [pid 22008:tid 636] AH00456: Apache Lounge VC14 Server built: Oct  4 2017 11:36:32
[Tue Apr 24 02:39:32.224987 2018] [core:notice] [pid 22008:tid 636] AH00094: Command line: 'apache\\bin\\httpd.exe -d E:/Moodle/server/apache -f conf\\httpd.conf'
[Tue Apr 24 02:39:32.285567 2018] [mpm_winnt:notice] [pid 22008:tid 636] AH00418: Parent: Created child process 15956
[Tue Apr 24 02:39:33.282271 2018] [ssl:warn] [pid 15956:tid 672] AH01909: www.example.com:443:0 server certificate does NOT include an ID which matches the server name
[Tue Apr 24 02:39:33.519438 2018] [ssl:warn] [pid 15956:tid 672] AH01909: www.example.com:443:0 server certificate does NOT include an ID which matches the server name
[Tue Apr 24 02:39:33.554364 2018] [mpm_winnt:notice] [pid 15956:tid 672] AH00354: Child: Starting 150 worker threads.
[Tue Apr 24 02:39:40.244063 2018] [mpm_winnt:notice] [pid 22008:tid 636] AH00428: Parent: child process 15956 exited with status 3221226356 -- Restarting.
[Tue Apr 24 02:39:40.975844 2018] [ssl:warn] [pid 22008:tid 636] AH01909: www.example.com:443:0 server certificate does NOT include an ID which matches the server name
[Tue Apr 24 02:39:40.997860 2018] [mpm_winnt:notice] [pid 22008:tid 636] AH00455: Apache/2.4.28 (Win32) OpenSSL/1.0.2l PHP/7.1.10 configured -- resuming normal operations
[Tue Apr 24 02:39:40.997860 2018] [mpm_winnt:notice] [pid 22008:tid 636] AH00456: Apache Lounge VC14 Server built: Oct  4 2017 11:36:32
[Tue Apr 24 02:39:40.997860 2018] [core:notice] [pid 22008:tid 636] AH00094: Command line: 'apache\\bin\\httpd.exe -d E:/Moodle/server/apache -f conf\\httpd.conf'
[Tue Apr 24 02:39:42.012754 2018] [mpm_winnt:notice] [pid 22008:tid 636] AH00418: Parent: Created child process 18500
[Tue Apr 24 02:39:43.373275 2018] [ssl:warn] [pid 18500:tid 588] AH01909: www.example.com:443:0 server certificate does NOT include an ID which matches the server name
[Tue Apr 24 02:39:43.606568 2018] [ssl:warn] [pid 18500:tid 588] AH01909: www.example.com:443:0 server certificate does NOT include an ID which matches the server name
[Tue Apr 24 02:39:43.632574 2018] [mpm_winnt:notice] [pid 18500:tid 588] AH00354: Child: Starting 150 worker threads.
[Tue Apr 24 02:40:05.725019 2018] [mpm_winnt:notice] [pid 22008:tid 636] AH00428: Parent: child process 18500 exited with status 3221226356 -- Restarting.
[Tue Apr 24 02:40:06.324449 2018] [ssl:warn] [pid 22008:tid 636] AH01909: www.example.com:443:0 server certificate does NOT include an ID which matches the server name
[Tue Apr 24 02:40:06.345341 2018] [mpm_winnt:notice] [pid 22008:tid 636] AH00455: Apache/2.4.28 (Win32) OpenSSL/1.0.2l PHP/7.1.10 configured -- resuming normal operations
[Tue Apr 24 02:40:06.345341 2018] [mpm_winnt:notice] [pid 22008:tid 636] AH00456: Apache Lounge VC14 Server built: Oct  4 2017 11:36:32
[Tue Apr 24 02:40:06.345341 2018] [core:notice] [pid 22008:tid 636] AH00094: Command line: 'apache\\bin\\httpd.exe -d E:/Moodle/server/apache -f conf\\httpd.conf'
[Tue Apr 24 02:40:06.392655 2018] [mpm_winnt:notice] [pid 22008:tid 636] AH00418: Parent: Created child process 27280
[Tue Apr 24 02:40:08.018455 2018] [ssl:warn] [pid 27280:tid 660] AH01909: www.example.com:443:0 server certificate does NOT include an ID which matches the server name
[Tue Apr 24 02:40:08.276640 2018] [ssl:warn] [pid 27280:tid 660] AH01909: www.example.com:443:0 server certificate does NOT include an ID which matches the server name
[Tue Apr 24 02:40:08.305659 2018] [mpm_winnt:notice] [pid 27280:tid 660] AH00354: Child: Starting 150 worker threads.
[Tue Apr 24 02:42:09.850556 2018] [mpm_winnt:notice] [pid 22008:tid 636] AH00428: Parent: child process 27280 exited with status 3221226356 -- Restarting.
[Tue Apr 24 02:42:11.008260 2018] [ssl:warn] [pid 22008:tid 636] AH01909: www.example.com:443:0 server certificate does NOT include an ID which matches the server name
[Tue Apr 24 02:42:11.035281 2018] [mpm_winnt:notice] [pid 22008:tid 636] AH00455: Apache/2.4.28 (Win32) OpenSSL/1.0.2l PHP/7.1.10 configured -- resuming normal operations
[Tue Apr 24 02:42:11.035281 2018] [mpm_winnt:notice] [pid 22008:tid 636] AH00456: Apache Lounge VC14 Server built: Oct  4 2017 11:36:32
[Tue Apr 24 02:42:11.035281 2018] [core:notice] [pid 22008:tid 636] AH00094: Command line: 'apache\\bin\\httpd.exe -d E:/Moodle/server/apache -f conf\\httpd.conf'
[Tue Apr 24 02:42:11.069305 2018] [mpm_winnt:notice] [pid 22008:tid 636] AH00418: Parent: Created child process 6088
[Tue Apr 24 02:42:12.451351 2018] [ssl:warn] [pid 6088:tid 688] AH01909: www.example.com:443:0 server certificate does NOT include an ID which matches the server name
[Tue Apr 24 02:42:12.739556 2018] [ssl:warn] [pid 6088:tid 688] AH01909: www.example.com:443:0 server certificate does NOT include an ID which matches the server name
[Tue Apr 24 02:42:12.768576 2018] [mpm_winnt:notice] [pid 6088:tid 688] AH00354: Child: Starting 150 worker threads.
[Tue Apr 24 02:42:27.276138 2018] [mpm_winnt:notice] [pid 22008:tid 636] AH00428: Parent: child process 6088 exited with status 3221226356 -- Restarting.
[Tue Apr 24 02:42:27.776496 2018] [ssl:warn] [pid 22008:tid 636] AH01909: www.example.com:443:0 server certificate does NOT include an ID which matches the server name
[Tue Apr 24 02:42:27.798508 2018] [mpm_winnt:notice] [pid 22008:tid 636] AH00455: Apache/2.4.28 (Win32) OpenSSL/1.0.2l PHP/7.1.10 configured -- resuming normal operations
[Tue Apr 24 02:42:27.798508 2018] [mpm_winnt:notice] [pid 22008:tid 636] AH00456: Apache Lounge VC14 Server built: Oct  4 2017 11:36:32
[Tue Apr 24 02:42:27.798508 2018] [core:notice] [pid 22008:tid 636] AH00094: Command line: 'apache\\bin\\httpd.exe -d E:/Moodle/server/apache -f conf\\httpd.conf'
[Tue Apr 24 02:42:28.571498 2018] [mpm_winnt:notice] [pid 22008:tid 636] AH00418: Parent: Created child process 9924
[Tue Apr 24 02:42:29.702888 2018] [ssl:warn] [pid 9924:tid 652] AH01909: www.example.com:443:0 server certificate does NOT include an ID which matches the server name
[Tue Apr 24 02:42:30.078177 2018] [ssl:warn] [pid 9924:tid 652] AH01909: www.example.com:443:0 server certificate does NOT include an ID which matches the server name
[Tue Apr 24 02:42:30.105195 2018] [mpm_winnt:notice] [pid 9924:tid 652] AH00354: Child: Starting 150 worker threads.
[Tue Apr 24 02:42:40.307731 2018] [mpm_winnt:notice] [pid 22008:tid 636] AH00428: Parent: child process 9924 exited with status 3221226356 -- Restarting.
[Tue Apr 24 02:42:40.894911 2018] [ssl:warn] [pid 22008:tid 636] AH01909: www.example.com:443:0 server certificate does NOT include an ID which matches the server name
[Tue Apr 24 02:42:40.917927 2018] [mpm_winnt:notice] [pid 22008:tid 636] AH00455: Apache/2.4.28 (Win32) OpenSSL/1.0.2l PHP/7.1.10 configured -- resuming normal operations
[Tue Apr 24 02:42:40.917927 2018] [mpm_winnt:notice] [pid 22008:tid 636] AH00456: Apache Lounge VC14 Server built: Oct  4 2017 11:36:32
[Tue Apr 24 02:42:40.917927 2018] [core:notice] [pid 22008:tid 636] AH00094: Command line: 'apache\\bin\\httpd.exe -d E:/Moodle/server/apache -f conf\\httpd.conf'
[Tue Apr 24 02:42:40.956955 2018] [mpm_winnt:notice] [pid 22008:tid 636] AH00418: Parent: Created child process 25140
[Tue Apr 24 02:42:42.296471 2018] [ssl:warn] [pid 25140:tid 212] AH01909: www.example.com:443:0 server certificate does NOT include an ID which matches the server name
[Tue Apr 24 02:42:42.531636 2018] [ssl:warn] [pid 25140:tid 212] AH01909: www.example.com:443:0 server certificate does NOT include an ID which matches the server name
[Tue Apr 24 02:42:42.561658 2018] [mpm_winnt:notice] [pid 25140:tid 212] AH00354: Child: Starting 150 worker threads.
[Tue Apr 24 02:42:51.986704 2018] [mpm_winnt:notice] [pid 22008:tid 636] AH00428: Parent: child process 25140 exited with status 3221226356 -- Restarting.
[Tue Apr 24 02:42:52.739625 2018] [ssl:warn] [pid 22008:tid 636] AH01909: www.example.com:443:0 server certificate does NOT include an ID which matches the server name
[Tue Apr 24 02:42:52.763467 2018] [mpm_winnt:notice] [pid 22008:tid 636] AH00455: Apache/2.4.28 (Win32) OpenSSL/1.0.2l PHP/7.1.10 configured -- resuming normal operations
[Tue Apr 24 02:42:52.763467 2018] [mpm_winnt:notice] [pid 22008:tid 636] AH00456: Apache Lounge VC14 Server built: Oct  4 2017 11:36:32
[Tue Apr 24 02:42:52.763467 2018] [core:notice] [pid 22008:tid 636] AH00094: Command line: 'apache\\bin\\httpd.exe -d E:/Moodle/server/apache -f conf\\httpd.conf'
[Tue Apr 24 02:42:53.908256 2018] [mpm_winnt:notice] [pid 22008:tid 636] AH00418: Parent: Created child process 25004
[Tue Apr 24 02:42:55.781328 2018] [ssl:warn] [pid 25004:tid 556] AH01909: www.example.com:443:0 server certificate does NOT include an ID which matches the server name
[Tue Apr 24 02:42:56.012491 2018] [ssl:warn] [pid 25004:tid 556] AH01909: www.example.com:443:0 server certificate does NOT include an ID which matches the server name
[Tue Apr 24 02:42:56.048520 2018] [mpm_winnt:notice] [pid 25004:tid 556] AH00354: Child: Starting 150 worker threads.
[Tue Apr 24 02:47:29.850965 2018] [mpm_winnt:notice] [pid 22008:tid 636] AH00428: Parent: child process 25004 exited with status 3221226356 -- Restarting.
[Tue Apr 24 02:47:30.516453 2018] [ssl:warn] [pid 22008:tid 636] AH01909: www.example.com:443:0 server certificate does NOT include an ID which matches the server name
[Tue Apr 24 02:47:30.538485 2018] [mpm_winnt:notice] [pid 22008:tid 636] AH00455: Apache/2.4.28 (Win32) OpenSSL/1.0.2l PHP/7.1.10 configured -- resuming normal operations
[Tue Apr 24 02:47:30.538485 2018] [mpm_winnt:notice] [pid 22008:tid 636] AH00456: Apache Lounge VC14 Server built: Oct  4 2017 11:36:32
[Tue Apr 24 02:47:30.538485 2018] [core:notice] [pid 22008:tid 636] AH00094: Command line: 'apache\\bin\\httpd.exe -d E:/Moodle/server/apache -f conf\\httpd.conf'
[Tue Apr 24 02:47:31.170287 2018] [mpm_winnt:notice] [pid 22008:tid 636] AH00418: Parent: Created child process 10220
[Tue Apr 24 02:47:32.605441 2018] [ssl:warn] [pid 10220:tid 636] AH01909: www.example.com:443:0 server certificate does NOT include an ID which matches the server name
[Tue Apr 24 02:47:32.857618 2018] [ssl:warn] [pid 10220:tid 636] AH01909: www.example.com:443:0 server certificate does NOT include an ID which matches the server name
[Tue Apr 24 02:47:32.889643 2018] [mpm_winnt:notice] [pid 10220:tid 636] AH00354: Child: Starting 150 worker threads.
[Tue Apr 24 02:57:51.728016 2018] [mpm_winnt:notice] [pid 22008:tid 636] AH00428: Parent: child process 10220 exited with status 3221226356 -- Restarting.
[Tue Apr 24 02:57:52.671891 2018] [ssl:warn] [pid 22008:tid 636] AH01909: www.example.com:443:0 server certificate does NOT include an ID which matches the server name
[Tue Apr 24 02:57:52.900930 2018] [mpm_winnt:notice] [pid 22008:tid 636] AH00455: Apache/2.4.28 (Win32) OpenSSL/1.0.2l PHP/7.1.10 configured -- resuming normal operations
[Tue Apr 24 02:57:52.900930 2018] [mpm_winnt:notice] [pid 22008:tid 636] AH00456: Apache Lounge VC14 Server built: Oct  4 2017 11:36:32
[Tue Apr 24 02:57:52.900930 2018] [core:notice] [pid 22008:tid 636] AH00094: Command line: 'apache\\bin\\httpd.exe -d E:/Moodle/server/apache -f conf\\httpd.conf'
[Tue Apr 24 02:57:53.357111 2018] [mpm_winnt:notice] [pid 22008:tid 636] AH00418: Parent: Created child process 18548
[Tue Apr 24 02:57:55.440024 2018] [ssl:warn] [pid 18548:tid 672] AH01909: www.example.com:443:0 server certificate does NOT include an ID which matches the server name
[Tue Apr 24 02:57:55.718553 2018] [ssl:warn] [pid 18548:tid 672] AH01909: www.example.com:443:0 server certificate does NOT include an ID which matches the server name
[Tue Apr 24 02:57:55.745573 2018] [mpm_winnt:notice] [pid 18548:tid 672] AH00354: Child: Starting 150 worker threads.
[Tue Apr 24 03:02:55.811053 2018] [mpm_winnt:notice] [pid 22008:tid 636] AH00428: Parent: child process 18548 exited with status 3221226356 -- Restarting.
[Tue Apr 24 03:02:57.681794 2018] [ssl:warn] [pid 22008:tid 636] AH01909: www.example.com:443:0 server certificate does NOT include an ID which matches the server name
[Tue Apr 24 03:02:57.771860 2018] [mpm_winnt:notice] [pid 22008:tid 636] AH00455: Apache/2.4.28 (Win32) OpenSSL/1.0.2l PHP/7.1.10 configured -- resuming normal operations
[Tue Apr 24 03:02:57.771860 2018] [mpm_winnt:notice] [pid 22008:tid 636] AH00456: Apache Lounge VC14 Server built: Oct  4 2017 11:36:32
[Tue Apr 24 03:02:57.771860 2018] [core:notice] [pid 22008:tid 636] AH00094: Command line: 'apache\\bin\\httpd.exe -d E:/Moodle/server/apache -f conf\\httpd.conf'
[Tue Apr 24 03:02:57.812794 2018] [mpm_winnt:notice] [pid 22008:tid 636] AH00418: Parent: Created child process 22052
[Tue Apr 24 03:02:58.844317 2018] [ssl:warn] [pid 22052:tid 236] AH01909: www.example.com:443:0 server certificate does NOT include an ID which matches the server name
[Tue Apr 24 03:02:59.129762 2018] [ssl:warn] [pid 22052:tid 236] AH01909: www.example.com:443:0 server certificate does NOT include an ID which matches the server name
[Tue Apr 24 03:02:59.236396 2018] [mpm_winnt:notice] [pid 22052:tid 236] AH00354: Child: Starting 150 worker threads.
[Tue Apr 24 03:03:15.421027 2018] [mpm_winnt:notice] [pid 22008:tid 636] AH00428: Parent: child process 22052 exited with status 3221226356 -- Restarting.
[Tue Apr 24 03:03:16.315282 2018] [ssl:warn] [pid 22008:tid 636] AH01909: www.example.com:443:0 server certificate does NOT include an ID which matches the server name
[Tue Apr 24 03:03:16.402815 2018] [mpm_winnt:notice] [pid 22008:tid 636] AH00455: Apache/2.4.28 (Win32) OpenSSL/1.0.2l PHP/7.1.10 configured -- resuming normal operations
[Tue Apr 24 03:03:16.402815 2018] [mpm_winnt:notice] [pid 22008:tid 636] AH00456: Apache Lounge VC14 Server built: Oct  4 2017 11:36:32
[Tue Apr 24 03:03:16.402815 2018] [core:notice] [pid 22008:tid 636] AH00094: Command line: 'apache\\bin\\httpd.exe -d E:/Moodle/server/apache -f conf\\httpd.conf'
[Tue Apr 24 03:03:16.456502 2018] [mpm_winnt:notice] [pid 22008:tid 636] AH00418: Parent: Created child process 25512
[Tue Apr 24 03:03:17.881711 2018] [ssl:warn] [pid 25512:tid 644] AH01909: www.example.com:443:0 server certificate does NOT include an ID which matches the server name
[Tue Apr 24 03:03:18.148900 2018] [ssl:warn] [pid 25512:tid 644] AH01909: www.example.com:443:0 server certificate does NOT include an ID which matches the server name
[Tue Apr 24 03:03:18.173918 2018] [mpm_winnt:notice] [pid 25512:tid 644] AH00354: Child: Starting 150 worker threads.
[Tue Apr 24 03:12:13.799374 2018] [mpm_winnt:notice] [pid 22008:tid 636] AH00428: Parent: child process 25512 exited with status 3221226356 -- Restarting.
[Tue Apr 24 03:12:14.552752 2018] [ssl:warn] [pid 22008:tid 636] AH01909: www.example.com:443:0 server certificate does NOT include an ID which matches the server name
[Tue Apr 24 03:12:14.635250 2018] [mpm_winnt:notice] [pid 22008:tid 636] AH00455: Apache/2.4.28 (Win32) OpenSSL/1.0.2l PHP/7.1.10 configured -- resuming normal operations
[Tue Apr 24 03:12:14.635250 2018] [mpm_winnt:notice] [pid 22008:tid 636] AH00456: Apache Lounge VC14 Server built: Oct  4 2017 11:36:32
[Tue Apr 24 03:12:14.635250 2018] [core:notice] [pid 22008:tid 636] AH00094: Command line: 'apache\\bin\\httpd.exe -d E:/Moodle/server/apache -f conf\\httpd.conf'
[Tue Apr 24 03:12:14.692395 2018] [mpm_winnt:notice] [pid 22008:tid 636] AH00418: Parent: Created child process 14872
[Tue Apr 24 03:12:15.781703 2018] [ssl:warn] [pid 14872:tid 540] AH01909: www.example.com:443:0 server certificate does NOT include an ID which matches the server name
[Tue Apr 24 03:12:16.088069 2018] [ssl:warn] [pid 14872:tid 540] AH01909: www.example.com:443:0 server certificate does NOT include an ID which matches the server name
[Tue Apr 24 03:12:16.180477 2018] [mpm_winnt:notice] [pid 14872:tid 540] AH00354: Child: Starting 150 worker threads.
[Tue Apr 24 03:12:50.261953 2018] [mpm_winnt:notice] [pid 22008:tid 636] AH00428: Parent: child process 14872 exited with status 3221226356 -- Restarting.
[Tue Apr 24 03:12:50.805896 2018] [ssl:warn] [pid 22008:tid 636] AH01909: www.example.com:443:0 server certificate does NOT include an ID which matches the server name
[Tue Apr 24 03:12:50.827148 2018] [mpm_winnt:notice] [pid 22008:tid 636] AH00455: Apache/2.4.28 (Win32) OpenSSL/1.0.2l PHP/7.1.10 configured -- resuming normal operations
[Tue Apr 24 03:12:50.827148 2018] [mpm_winnt:notice] [pid 22008:tid 636] AH00456: Apache Lounge VC14 Server built: Oct  4 2017 11:36:32
[Tue Apr 24 03:12:50.827148 2018] [core:notice] [pid 22008:tid 636] AH00094: Command line: 'apache\\bin\\httpd.exe -d E:/Moodle/server/apache -f conf\\httpd.conf'
[Tue Apr 24 03:12:50.968014 2018] [mpm_winnt:notice] [pid 22008:tid 636] AH00418: Parent: Created child process 13484
[Tue Apr 24 03:12:52.276777 2018] [ssl:warn] [pid 13484:tid 632] AH01909: www.example.com:443:0 server certificate does NOT include an ID which matches the server name
[Tue Apr 24 03:12:52.505941 2018] [ssl:warn] [pid 13484:tid 632] AH01909: www.example.com:443:0 server certificate does NOT include an ID which matches the server name
[Tue Apr 24 03:12:52.535962 2018] [mpm_winnt:notice] [pid 13484:tid 632] AH00354: Child: Starting 150 worker threads.
[Tue Apr 24 03:14:58.053125 2018] [mpm_winnt:notice] [pid 22008:tid 636] AH00428: Parent: child process 13484 exited with status 3221226356 -- Restarting.
[Tue Apr 24 03:14:58.674997 2018] [ssl:warn] [pid 22008:tid 636] AH01909: www.example.com:443:0 server certificate does NOT include an ID which matches the server name
[Tue Apr 24 03:14:58.699033 2018] [mpm_winnt:notice] [pid 22008:tid 636] AH00455: Apache/2.4.28 (Win32) OpenSSL/1.0.2l PHP/7.1.10 configured -- resuming normal operations
[Tue Apr 24 03:14:58.699033 2018] [mpm_winnt:notice] [pid 22008:tid 636] AH00456: Apache Lounge VC14 Server built: Oct  4 2017 11:36:32
[Tue Apr 24 03:14:58.699033 2018] [core:notice] [pid 22008:tid 636] AH00094: Command line: 'apache\\bin\\httpd.exe -d E:/Moodle/server/apache -f conf\\httpd.conf'
[Tue Apr 24 03:14:59.051871 2018] [mpm_winnt:notice] [pid 22008:tid 636] AH00418: Parent: Created child process 26044
[Tue Apr 24 03:15:00.544353 2018] [ssl:warn] [pid 26044:tid 664] AH01909: www.example.com:443:0 server certificate does NOT include an ID which matches the server name
[Tue Apr 24 03:15:00.822551 2018] [ssl:warn] [pid 26044:tid 664] AH01909: www.example.com:443:0 server certificate does NOT include an ID which matches the server name
[Tue Apr 24 03:15:00.850571 2018] [mpm_winnt:notice] [pid 26044:tid 664] AH00354: Child: Starting 150 worker threads.
[Tue Apr 24 03:26:30.858515 2018] [mpm_winnt:notice] [pid 22008:tid 636] AH00428: Parent: child process 26044 exited with status 3221226356 -- Restarting.
[Tue Apr 24 03:26:31.502963 2018] [ssl:warn] [pid 22008:tid 636] AH01909: www.example.com:443:0 server certificate does NOT include an ID which matches the server name
[Tue Apr 24 03:26:31.528982 2018] [mpm_winnt:notice] [pid 22008:tid 636] AH00455: Apache/2.4.28 (Win32) OpenSSL/1.0.2l PHP/7.1.10 configured -- resuming normal operations
[Tue Apr 24 03:26:31.528982 2018] [mpm_winnt:notice] [pid 22008:tid 636] AH00456: Apache Lounge VC14 Server built: Oct  4 2017 11:36:32
[Tue Apr 24 03:26:31.528982 2018] [core:notice] [pid 22008:tid 636] AH00094: Command line: 'apache\\bin\\httpd.exe -d E:/Moodle/server/apache -f conf\\httpd.conf'
[Tue Apr 24 03:26:31.571588 2018] [mpm_winnt:notice] [pid 22008:tid 636] AH00418: Parent: Created child process 1272
[Tue Apr 24 03:26:32.614327 2018] [ssl:warn] [pid 1272:tid 624] AH01909: www.example.com:443:0 server certificate does NOT include an ID which matches the server name
[Tue Apr 24 03:26:32.891525 2018] [ssl:warn] [pid 1272:tid 624] AH01909: www.example.com:443:0 server certificate does NOT include an ID which matches the server name
[Tue Apr 24 03:26:32.918545 2018] [mpm_winnt:notice] [pid 1272:tid 624] AH00354: Child: Starting 150 worker threads.
[Tue Apr 24 03:27:02.562066 2018] [mpm_winnt:notice] [pid 22008:tid 636] AH00428: Parent: child process 1272 exited with status 3221226356 -- Restarting.
[Tue Apr 24 03:27:03.367237 2018] [ssl:warn] [pid 22008:tid 636] AH01909: www.example.com:443:0 server certificate does NOT include an ID which matches the server name
[Tue Apr 24 03:27:03.395261 2018] [mpm_winnt:notice] [pid 22008:tid 636] AH00455: Apache/2.4.28 (Win32) OpenSSL/1.0.2l PHP/7.1.10 configured -- resuming normal operations
[Tue Apr 24 03:27:03.395261 2018] [mpm_winnt:notice] [pid 22008:tid 636] AH00456: Apache Lounge VC14 Server built: Oct  4 2017 11:36:32
[Tue Apr 24 03:27:03.395261 2018] [core:notice] [pid 22008:tid 636] AH00094: Command line: 'apache\\bin\\httpd.exe -d E:/Moodle/server/apache -f conf\\httpd.conf'
[Tue Apr 24 03:27:03.429286 2018] [mpm_winnt:notice] [pid 22008:tid 636] AH00418: Parent: Created child process 7612
[Tue Apr 24 03:27:04.977389 2018] [ssl:warn] [pid 7612:tid 640] AH01909: www.example.com:443:0 server certificate does NOT include an ID which matches the server name
[Tue Apr 24 03:27:05.930060 2018] [ssl:warn] [pid 7612:tid 640] AH01909: www.example.com:443:0 server certificate does NOT include an ID which matches the server name
[Tue Apr 24 03:27:05.965085 2018] [mpm_winnt:notice] [pid 7612:tid 640] AH00354: Child: Starting 150 worker threads.
[Tue Apr 24 03:27:36.349812 2018] [mpm_winnt:notice] [pid 22008:tid 636] AH00428: Parent: child process 7612 exited with status 3221226356 -- Restarting.
[Tue Apr 24 03:27:36.944233 2018] [ssl:warn] [pid 22008:tid 636] AH01909: www.example.com:443:0 server certificate does NOT include an ID which matches the server name
[Tue Apr 24 03:27:36.966905 2018] [mpm_winnt:notice] [pid 22008:tid 636] AH00455: Apache/2.4.28 (Win32) OpenSSL/1.0.2l PHP/7.1.10 configured -- resuming normal operations
[Tue Apr 24 03:27:36.966905 2018] [mpm_winnt:notice] [pid 22008:tid 636] AH00456: Apache Lounge VC14 Server built: Oct  4 2017 11:36:32
[Tue Apr 24 03:27:36.966905 2018] [core:notice] [pid 22008:tid 636] AH00094: Command line: 'apache\\bin\\httpd.exe -d E:/Moodle/server/apache -f conf\\httpd.conf'
[Tue Apr 24 03:27:37.002709 2018] [mpm_winnt:notice] [pid 22008:tid 636] AH00418: Parent: Created child process 5008
[Tue Apr 24 03:27:38.363320 2018] [ssl:warn] [pid 5008:tid 224] AH01909: www.example.com:443:0 server certificate does NOT include an ID which matches the server name
[Tue Apr 24 03:27:38.677542 2018] [ssl:warn] [pid 5008:tid 224] AH01909: www.example.com:443:0 server certificate does NOT include an ID which matches the server name
[Tue Apr 24 03:27:38.703561 2018] [mpm_winnt:notice] [pid 5008:tid 224] AH00354: Child: Starting 150 worker threads.
[Tue Apr 24 03:27:54.294086 2018] [mpm_winnt:notice] [pid 22008:tid 636] AH00428: Parent: child process 5008 exited with status 3221226356 -- Restarting.
[Tue Apr 24 03:27:55.584003 2018] [ssl:warn] [pid 22008:tid 636] AH01909: www.example.com:443:0 server certificate does NOT include an ID which matches the server name
[Tue Apr 24 03:27:55.613024 2018] [mpm_winnt:notice] [pid 22008:tid 636] AH00455: Apache/2.4.28 (Win32) OpenSSL/1.0.2l PHP/7.1.10 configured -- resuming normal operations
[Tue Apr 24 03:27:55.613024 2018] [mpm_winnt:notice] [pid 22008:tid 636] AH00456: Apache Lounge VC14 Server built: Oct  4 2017 11:36:32
[Tue Apr 24 03:27:55.613024 2018] [core:notice] [pid 22008:tid 636] AH00094: Command line: 'apache\\bin\\httpd.exe -d E:/Moodle/server/apache -f conf\\httpd.conf'
[Tue Apr 24 03:27:55.881215 2018] [mpm_winnt:notice] [pid 22008:tid 636] AH00418: Parent: Created child process 16412
[Tue Apr 24 03:27:57.394159 2018] [ssl:warn] [pid 16412:tid 636] AH01909: www.example.com:443:0 server certificate does NOT include an ID which matches the server name
[Tue Apr 24 03:27:57.673358 2018] [ssl:warn] [pid 16412:tid 636] AH01909: www.example.com:443:0 server certificate does NOT include an ID which matches the server name
[Tue Apr 24 03:27:57.697378 2018] [mpm_winnt:notice] [pid 16412:tid 636] AH00354: Child: Starting 150 worker threads.
[Tue Apr 24 03:29:12.372740 2018] [mpm_winnt:notice] [pid 22008:tid 636] AH00428: Parent: child process 16412 exited with status 3221226356 -- Restarting.
[Tue Apr 24 03:29:13.064839 2018] [ssl:warn] [pid 22008:tid 636] AH01909: www.example.com:443:0 server certificate does NOT include an ID which matches the server name
[Tue Apr 24 03:29:13.086306 2018] [mpm_winnt:notice] [pid 22008:tid 636] AH00455: Apache/2.4.28 (Win32) OpenSSL/1.0.2l PHP/7.1.10 configured -- resuming normal operations
[Tue Apr 24 03:29:13.086306 2018] [mpm_winnt:notice] [pid 22008:tid 636] AH00456: Apache Lounge VC14 Server built: Oct  4 2017 11:36:32
[Tue Apr 24 03:29:13.086306 2018] [core:notice] [pid 22008:tid 636] AH00094: Command line: 'apache\\bin\\httpd.exe -d E:/Moodle/server/apache -f conf\\httpd.conf'
[Tue Apr 24 03:29:13.116488 2018] [mpm_winnt:notice] [pid 22008:tid 636] AH00418: Parent: Created child process 12432
[Tue Apr 24 03:29:14.508734 2018] [ssl:warn] [pid 12432:tid 712] AH01909: www.example.com:443:0 server certificate does NOT include an ID which matches the server name
[Tue Apr 24 03:29:14.731894 2018] [ssl:warn] [pid 12432:tid 712] AH01909: www.example.com:443:0 server certificate does NOT include an ID which matches the server name
[Tue Apr 24 03:29:14.757911 2018] [mpm_winnt:notice] [pid 12432:tid 712] AH00354: Child: Starting 150 worker threads.
[Tue Apr 24 03:29:20.729046 2018] [mpm_winnt:notice] [pid 22008:tid 636] AH00428: Parent: child process 12432 exited with status 3221226356 -- Restarting.
[Tue Apr 24 03:29:21.338497 2018] [ssl:warn] [pid 22008:tid 636] AH01909: www.example.com:443:0 server certificate does NOT include an ID which matches the server name
[Tue Apr 24 03:29:21.359494 2018] [mpm_winnt:notice] [pid 22008:tid 636] AH00455: Apache/2.4.28 (Win32) OpenSSL/1.0.2l PHP/7.1.10 configured -- resuming normal operations
[Tue Apr 24 03:29:21.359494 2018] [mpm_winnt:notice] [pid 22008:tid 636] AH00456: Apache Lounge VC14 Server built: Oct  4 2017 11:36:32
[Tue Apr 24 03:29:21.359494 2018] [core:notice] [pid 22008:tid 636] AH00094: Command line: 'apache\\bin\\httpd.exe -d E:/Moodle/server/apache -f conf\\httpd.conf'
[Tue Apr 24 03:29:21.400893 2018] [mpm_winnt:notice] [pid 22008:tid 636] AH00418: Parent: Created child process 26024
[Tue Apr 24 03:29:22.309562 2018] [ssl:warn] [pid 26024:tid 540] AH01909: www.example.com:443:0 server certificate does NOT include an ID which matches the server name
[Tue Apr 24 03:29:22.551732 2018] [ssl:warn] [pid 26024:tid 540] AH01909: www.example.com:443:0 server certificate does NOT include an ID which matches the server name
[Tue Apr 24 03:29:22.576749 2018] [mpm_winnt:notice] [pid 26024:tid 540] AH00354: Child: Starting 150 worker threads.
[Tue Apr 24 03:29:30.825615 2018] [mpm_winnt:notice] [pid 22008:tid 636] AH00428: Parent: child process 26024 exited with status 3221226356 -- Restarting.
[Tue Apr 24 03:29:31.437051 2018] [ssl:warn] [pid 22008:tid 636] AH01909: www.example.com:443:0 server certificate does NOT include an ID which matches the server name
[Tue Apr 24 03:29:31.460082 2018] [mpm_winnt:notice] [pid 22008:tid 636] AH00455: Apache/2.4.28 (Win32) OpenSSL/1.0.2l PHP/7.1.10 configured -- resuming normal operations
[Tue Apr 24 03:29:31.460082 2018] [mpm_winnt:notice] [pid 22008:tid 636] AH00456: Apache Lounge VC14 Server built: Oct  4 2017 11:36:32
[Tue Apr 24 03:29:31.460082 2018] [core:notice] [pid 22008:tid 636] AH00094: Command line: 'apache\\bin\\httpd.exe -d E:/Moodle/server/apache -f conf\\httpd.conf'
[Tue Apr 24 03:29:32.472683 2018] [mpm_winnt:notice] [pid 22008:tid 636] AH00418: Parent: Created child process 14432
[Tue Apr 24 03:29:34.266375 2018] [ssl:warn] [pid 14432:tid 588] AH01909: www.example.com:443:0 server certificate does NOT include an ID which matches the server name
[Tue Apr 24 03:29:34.490536 2018] [ssl:warn] [pid 14432:tid 588] AH01909: www.example.com:443:0 server certificate does NOT include an ID which matches the server name
[Tue Apr 24 03:29:34.517554 2018] [mpm_winnt:notice] [pid 14432:tid 588] AH00354: Child: Starting 150 worker threads.
[Tue Apr 24 03:29:44.917809 2018] [mpm_winnt:notice] [pid 22008:tid 636] AH00428: Parent: child process 14432 exited with status 3221226356 -- Restarting.
[Tue Apr 24 03:29:45.660426 2018] [ssl:warn] [pid 22008:tid 636] AH01909: www.example.com:443:0 server certificate does NOT include an ID which matches the server name
[Tue Apr 24 03:29:45.684442 2018] [mpm_winnt:notice] [pid 22008:tid 636] AH00455: Apache/2.4.28 (Win32) OpenSSL/1.0.2l PHP/7.1.10 configured -- resuming normal operations
[Tue Apr 24 03:29:45.684442 2018] [mpm_winnt:notice] [pid 22008:tid 636] AH00456: Apache Lounge VC14 Server built: Oct  4 2017 11:36:32
[Tue Apr 24 03:29:45.684442 2018] [core:notice] [pid 22008:tid 636] AH00094: Command line: 'apache\\bin\\httpd.exe -d E:/Moodle/server/apache -f conf\\httpd.conf'
[Tue Apr 24 03:29:45.749983 2018] [mpm_winnt:notice] [pid 22008:tid 636] AH00418: Parent: Created child process 15884
[Tue Apr 24 03:29:47.688697 2018] [ssl:warn] [pid 15884:tid 612] AH01909: www.example.com:443:0 server certificate does NOT include an ID which matches the server name
[Tue Apr 24 03:29:47.947882 2018] [ssl:warn] [pid 15884:tid 612] AH01909: www.example.com:443:0 server certificate does NOT include an ID which matches the server name
[Tue Apr 24 03:29:47.986910 2018] [mpm_winnt:notice] [pid 15884:tid 612] AH00354: Child: Starting 150 worker threads.
[Tue Apr 24 03:30:27.044837 2018] [mpm_winnt:notice] [pid 22008:tid 636] AH00428: Parent: child process 15884 exited with status 3221226356 -- Restarting.
[Tue Apr 24 03:30:28.025238 2018] [ssl:warn] [pid 22008:tid 636] AH01909: www.example.com:443:0 server certificate does NOT include an ID which matches the server name
[Tue Apr 24 03:30:28.049256 2018] [mpm_winnt:notice] [pid 22008:tid 636] AH00455: Apache/2.4.28 (Win32) OpenSSL/1.0.2l PHP/7.1.10 configured -- resuming normal operations
[Tue Apr 24 03:30:28.049256 2018] [mpm_winnt:notice] [pid 22008:tid 636] AH00456: Apache Lounge VC14 Server built: Oct  4 2017 11:36:32
[Tue Apr 24 03:30:28.049256 2018] [core:notice] [pid 22008:tid 636] AH00094: Command line: 'apache\\bin\\httpd.exe -d E:/Moodle/server/apache -f conf\\httpd.conf'
[Tue Apr 24 03:30:28.338010 2018] [mpm_winnt:notice] [pid 22008:tid 636] AH00418: Parent: Created child process 27172
[Tue Apr 24 03:30:29.607909 2018] [ssl:warn] [pid 27172:tid 636] AH01909: www.example.com:443:0 server certificate does NOT include an ID which matches the server name
[Tue Apr 24 03:30:29.865091 2018] [ssl:warn] [pid 27172:tid 636] AH01909: www.example.com:443:0 server certificate does NOT include an ID which matches the server name
[Tue Apr 24 03:30:29.895115 2018] [mpm_winnt:notice] [pid 27172:tid 636] AH00354: Child: Starting 150 worker threads.
[Tue Apr 24 03:31:20.662275 2018] [mpm_winnt:notice] [pid 22008:tid 636] AH00428: Parent: child process 27172 exited with status 3221226356 -- Restarting.
[Tue Apr 24 03:31:21.251693 2018] [ssl:warn] [pid 22008:tid 636] AH01909: www.example.com:443:0 server certificate does NOT include an ID which matches the server name
[Tue Apr 24 03:31:21.273710 2018] [mpm_winnt:notice] [pid 22008:tid 636] AH00455: Apache/2.4.28 (Win32) OpenSSL/1.0.2l PHP/7.1.10 configured -- resuming normal operations
[Tue Apr 24 03:31:21.273710 2018] [mpm_winnt:notice] [pid 22008:tid 636] AH00456: Apache Lounge VC14 Server built: Oct  4 2017 11:36:32
[Tue Apr 24 03:31:21.273710 2018] [core:notice] [pid 22008:tid 636] AH00094: Command line: 'apache\\bin\\httpd.exe -d E:/Moodle/server/apache -f conf\\httpd.conf'
[Tue Apr 24 03:31:21.312909 2018] [mpm_winnt:notice] [pid 22008:tid 636] AH00418: Parent: Created child process 7844
[Tue Apr 24 03:31:22.354645 2018] [ssl:warn] [pid 7844:tid 620] AH01909: www.example.com:443:0 server certificate does NOT include an ID which matches the server name
[Tue Apr 24 03:31:22.602822 2018] [ssl:warn] [pid 7844:tid 620] AH01909: www.example.com:443:0 server certificate does NOT include an ID which matches the server name
[Tue Apr 24 03:31:22.635847 2018] [mpm_winnt:notice] [pid 7844:tid 620] AH00354: Child: Starting 150 worker threads.
[Tue Apr 24 03:31:38.588151 2018] [mpm_winnt:notice] [pid 22008:tid 636] AH00428: Parent: child process 7844 exited with status 3221226356 -- Restarting.
[Tue Apr 24 03:31:39.183576 2018] [ssl:warn] [pid 22008:tid 636] AH01909: www.example.com:443:0 server certificate does NOT include an ID which matches the server name
[Tue Apr 24 03:31:39.205279 2018] [mpm_winnt:notice] [pid 22008:tid 636] AH00455: Apache/2.4.28 (Win32) OpenSSL/1.0.2l PHP/7.1.10 configured -- resuming normal operations
[Tue Apr 24 03:31:39.205279 2018] [mpm_winnt:notice] [pid 22008:tid 636] AH00456: Apache Lounge VC14 Server built: Oct  4 2017 11:36:32
[Tue Apr 24 03:31:39.205279 2018] [core:notice] [pid 22008:tid 636] AH00094: Command line: 'apache\\bin\\httpd.exe -d E:/Moodle/server/apache -f conf\\httpd.conf'
[Tue Apr 24 03:31:39.242989 2018] [mpm_winnt:notice] [pid 22008:tid 636] AH00418: Parent: Created child process 21928
[Tue Apr 24 03:31:40.934190 2018] [ssl:warn] [pid 21928:tid 700] AH01909: www.example.com:443:0 server certificate does NOT include an ID which matches the server name
[Tue Apr 24 03:31:41.401526 2018] [ssl:warn] [pid 21928:tid 700] AH01909: www.example.com:443:0 server certificate does NOT include an ID which matches the server name
[Tue Apr 24 03:31:41.428541 2018] [mpm_winnt:notice] [pid 21928:tid 700] AH00354: Child: Starting 150 worker threads.
[Tue Apr 24 03:33:59.243075 2018] [mpm_winnt:notice] [pid 22008:tid 636] AH00428: Parent: child process 21928 exited with status 3221226356 -- Restarting.
[Tue Apr 24 03:33:59.961585 2018] [ssl:warn] [pid 22008:tid 636] AH01909: www.example.com:443:0 server certificate does NOT include an ID which matches the server name
[Tue Apr 24 03:33:59.982601 2018] [mpm_winnt:notice] [pid 22008:tid 636] AH00455: Apache/2.4.28 (Win32) OpenSSL/1.0.2l PHP/7.1.10 configured -- resuming normal operations
[Tue Apr 24 03:33:59.982601 2018] [mpm_winnt:notice] [pid 22008:tid 636] AH00456: Apache Lounge VC14 Server built: Oct  4 2017 11:36:32
[Tue Apr 24 03:33:59.982601 2018] [core:notice] [pid 22008:tid 636] AH00094: Command line: 'apache\\bin\\httpd.exe -d E:/Moodle/server/apache -f conf\\httpd.conf'
[Tue Apr 24 03:34:00.459142 2018] [mpm_winnt:notice] [pid 22008:tid 636] AH00418: Parent: Created child process 2708
[Tue Apr 24 03:34:01.645986 2018] [ssl:warn] [pid 2708:tid 648] AH01909: www.example.com:443:0 server certificate does NOT include an ID which matches the server name
[Tue Apr 24 03:34:01.913773 2018] [ssl:warn] [pid 2708:tid 648] AH01909: www.example.com:443:0 server certificate does NOT include an ID which matches the server name
[Tue Apr 24 03:34:01.942794 2018] [mpm_winnt:notice] [pid 2708:tid 648] AH00354: Child: Starting 150 worker threads.
[Tue Apr 24 03:38:48.935560 2018] [mpm_winnt:notice] [pid 22008:tid 636] AH00428: Parent: child process 2708 exited with status 3221226356 -- Restarting.
[Tue Apr 24 03:38:49.570064 2018] [ssl:warn] [pid 22008:tid 636] AH01909: www.example.com:443:0 server certificate does NOT include an ID which matches the server name
[Tue Apr 24 03:38:49.591953 2018] [mpm_winnt:notice] [pid 22008:tid 636] AH00455: Apache/2.4.28 (Win32) OpenSSL/1.0.2l PHP/7.1.10 configured -- resuming normal operations
[Tue Apr 24 03:38:49.591953 2018] [mpm_winnt:notice] [pid 22008:tid 636] AH00456: Apache Lounge VC14 Server built: Oct  4 2017 11:36:32
[Tue Apr 24 03:38:49.591953 2018] [core:notice] [pid 22008:tid 636] AH00094: Command line: 'apache\\bin\\httpd.exe -d E:/Moodle/server/apache -f conf\\httpd.conf'
[Tue Apr 24 03:38:49.662095 2018] [mpm_winnt:notice] [pid 22008:tid 636] AH00418: Parent: Created child process 16956
[Tue Apr 24 03:38:50.854560 2018] [ssl:warn] [pid 16956:tid 248] AH01909: www.example.com:443:0 server certificate does NOT include an ID which matches the server name
[Tue Apr 24 03:38:51.085724 2018] [ssl:warn] [pid 16956:tid 248] AH01909: www.example.com:443:0 server certificate does NOT include an ID which matches the server name
[Tue Apr 24 03:38:51.110742 2018] [mpm_winnt:notice] [pid 16956:tid 248] AH00354: Child: Starting 150 worker threads.
[Tue Apr 24 03:39:35.952846 2018] [mpm_winnt:notice] [pid 22008:tid 636] AH00428: Parent: child process 16956 exited with status 3221226356 -- Restarting.
[Tue Apr 24 03:39:36.884470 2018] [ssl:warn] [pid 22008:tid 636] AH01909: www.example.com:443:0 server certificate does NOT include an ID which matches the server name
[Tue Apr 24 03:39:36.945514 2018] [mpm_winnt:notice] [pid 22008:tid 636] AH00455: Apache/2.4.28 (Win32) OpenSSL/1.0.2l PHP/7.1.10 configured -- resuming normal operations
[Tue Apr 24 03:39:36.946514 2018] [mpm_winnt:notice] [pid 22008:tid 636] AH00456: Apache Lounge VC14 Server built: Oct  4 2017 11:36:32
[Tue Apr 24 03:39:36.946514 2018] [core:notice] [pid 22008:tid 636] AH00094: Command line: 'apache\\bin\\httpd.exe -d E:/Moodle/server/apache -f conf\\httpd.conf'
[Tue Apr 24 03:39:37.004221 2018] [mpm_winnt:notice] [pid 22008:tid 636] AH00418: Parent: Created child process 15020
[Tue Apr 24 03:39:38.701420 2018] [ssl:warn] [pid 15020:tid 556] AH01909: www.example.com:443:0 server certificate does NOT include an ID which matches the server name
[Tue Apr 24 03:39:38.974610 2018] [ssl:warn] [pid 15020:tid 556] AH01909: www.example.com:443:0 server certificate does NOT include an ID which matches the server name
[Tue Apr 24 03:39:39.008635 2018] [mpm_winnt:notice] [pid 15020:tid 556] AH00354: Child: Starting 150 worker threads.
[Tue Apr 24 03:43:32.750571 2018] [mpm_winnt:notice] [pid 22008:tid 636] AH00428: Parent: child process 15020 exited with status 3221226356 -- Restarting.
[Tue Apr 24 03:43:33.919794 2018] [ssl:warn] [pid 22008:tid 636] AH01909: www.example.com:443:0 server certificate does NOT include an ID which matches the server name
[Tue Apr 24 03:43:34.091127 2018] [mpm_winnt:notice] [pid 22008:tid 636] AH00455: Apache/2.4.28 (Win32) OpenSSL/1.0.2l PHP/7.1.10 configured -- resuming normal operations
[Tue Apr 24 03:43:34.091127 2018] [mpm_winnt:notice] [pid 22008:tid 636] AH00456: Apache Lounge VC14 Server built: Oct  4 2017 11:36:32
[Tue Apr 24 03:43:34.091127 2018] [core:notice] [pid 22008:tid 636] AH00094: Command line: 'apache\\bin\\httpd.exe -d E:/Moodle/server/apache -f conf\\httpd.conf'
[Tue Apr 24 03:43:35.065027 2018] [mpm_winnt:notice] [pid 22008:tid 636] AH00418: Parent: Created child process 22656
[Tue Apr 24 03:43:36.421981 2018] [ssl:warn] [pid 22656:tid 656] AH01909: www.example.com:443:0 server certificate does NOT include an ID which matches the server name
[Tue Apr 24 03:43:36.717234 2018] [ssl:warn] [pid 22656:tid 656] AH01909: www.example.com:443:0 server certificate does NOT include an ID which matches the server name
[Tue Apr 24 03:43:36.920497 2018] [mpm_winnt:notice] [pid 22656:tid 656] AH00354: Child: Starting 150 worker threads.
zend_mm_heap corrupted
[Tue Apr 24 03:46:51.923902 2018] [mpm_winnt:notice] [pid 22008:tid 636] AH00428: Parent: child process 22656 exited with status 1 -- Restarting.
[Tue Apr 24 03:46:53.225828 2018] [ssl:warn] [pid 22008:tid 636] AH01909: www.example.com:443:0 server certificate does NOT include an ID which matches the server name
[Tue Apr 24 03:46:53.498021 2018] [mpm_winnt:notice] [pid 22008:tid 636] AH00455: Apache/2.4.28 (Win32) OpenSSL/1.0.2l PHP/7.1.10 configured -- resuming normal operations
[Tue Apr 24 03:46:53.498021 2018] [mpm_winnt:notice] [pid 22008:tid 636] AH00456: Apache Lounge VC14 Server built: Oct  4 2017 11:36:32
[Tue Apr 24 03:46:53.498021 2018] [core:notice] [pid 22008:tid 636] AH00094: Command line: 'apache\\bin\\httpd.exe -d E:/Moodle/server/apache -f conf\\httpd.conf'
[Tue Apr 24 03:46:54.123466 2018] [mpm_winnt:notice] [pid 22008:tid 636] AH00418: Parent: Created child process 27280
[Tue Apr 24 03:46:55.360344 2018] [ssl:warn] [pid 27280:tid 624] AH01909: www.example.com:443:0 server certificate does NOT include an ID which matches the server name
[Tue Apr 24 03:46:55.576502 2018] [ssl:warn] [pid 27280:tid 624] AH01909: www.example.com:443:0 server certificate does NOT include an ID which matches the server name
[Tue Apr 24 03:46:55.615602 2018] [mpm_winnt:notice] [pid 27280:tid 624] AH00354: Child: Starting 150 worker threads.
[Tue Apr 24 03:49:23.832788 2018] [mpm_winnt:notice] [pid 22008:tid 636] AH00428: Parent: child process 27280 exited with status 3221226356 -- Restarting.
[Tue Apr 24 03:49:25.260635 2018] [ssl:warn] [pid 22008:tid 636] AH01909: www.example.com:443:0 server certificate does NOT include an ID which matches the server name
[Tue Apr 24 03:49:25.413753 2018] [mpm_winnt:notice] [pid 22008:tid 636] AH00455: Apache/2.4.28 (Win32) OpenSSL/1.0.2l PHP/7.1.10 configured -- resuming normal operations
[Tue Apr 24 03:49:25.413753 2018] [mpm_winnt:notice] [pid 22008:tid 636] AH00456: Apache Lounge VC14 Server built: Oct  4 2017 11:36:32
[Tue Apr 24 03:49:25.413753 2018] [core:notice] [pid 22008:tid 636] AH00094: Command line: 'apache\\bin\\httpd.exe -d E:/Moodle/server/apache -f conf\\httpd.conf'
[Tue Apr 24 03:49:25.479892 2018] [mpm_winnt:notice] [pid 22008:tid 636] AH00418: Parent: Created child process 17256
[Tue Apr 24 03:49:27.038852 2018] [ssl:warn] [pid 17256:tid 536] AH01909: www.example.com:443:0 server certificate does NOT include an ID which matches the server name
[Tue Apr 24 03:49:27.274020 2018] [ssl:warn] [pid 17256:tid 536] AH01909: www.example.com:443:0 server certificate does NOT include an ID which matches the server name
[Tue Apr 24 03:49:27.302728 2018] [mpm_winnt:notice] [pid 17256:tid 536] AH00354: Child: Starting 150 worker threads.
[Tue Apr 24 04:03:31.904414 2018] [mpm_winnt:notice] [pid 22008:tid 636] AH00422: Parent: Received shutdown signal -- Shutting down the server.
[Tue Apr 24 04:03:33.907197 2018] [mpm_winnt:notice] [pid 17256:tid 536] AH00364: Child: All worker threads have exited.
[Tue Apr 24 04:03:33.982241 2018] [mpm_winnt:notice] [pid 22008:tid 636] AH00430: Parent: Child process 17256 exited successfully.
[Tue Apr 24 08:36:59.225082 2018] [ssl:warn] [pid 12460:tid 612] AH01909: www.example.com:443:0 server certificate does NOT include an ID which matches the server name
[Tue Apr 24 08:37:02.334985 2018] [ssl:warn] [pid 12460:tid 612] AH01909: www.example.com:443:0 server certificate does NOT include an ID which matches the server name
[Tue Apr 24 08:37:11.351671 2018] [mpm_winnt:notice] [pid 12460:tid 612] AH00455: Apache/2.4.28 (Win32) OpenSSL/1.0.2l PHP/7.1.10 configured -- resuming normal operations
[Tue Apr 24 08:37:11.351671 2018] [mpm_winnt:notice] [pid 12460:tid 612] AH00456: Apache Lounge VC14 Server built: Oct  4 2017 11:36:32
[Tue Apr 24 08:37:11.351671 2018] [core:notice] [pid 12460:tid 612] AH00094: Command line: 'apache\\bin\\httpd.exe -d E:/Moodle/server/apache -f conf\\httpd.conf'
[Tue Apr 24 08:37:11.536971 2018] [mpm_winnt:notice] [pid 12460:tid 612] AH00418: Parent: Created child process 23260
[Tue Apr 24 08:37:12.747927 2018] [ssl:warn] [pid 23260:tid 640] AH01909: www.example.com:443:0 server certificate does NOT include an ID which matches the server name
[Tue Apr 24 08:37:13.141204 2018] [ssl:warn] [pid 23260:tid 640] AH01909: www.example.com:443:0 server certificate does NOT include an ID which matches the server name
[Tue Apr 24 08:37:13.482448 2018] [mpm_winnt:notice] [pid 23260:tid 640] AH00354: Child: Starting 150 worker threads.
[Tue Apr 24 08:40:25.762095 2018] [mpm_winnt:notice] [pid 12460:tid 612] AH00428: Parent: child process 23260 exited with status 3221226356 -- Restarting.
[Tue Apr 24 08:40:26.105432 2018] [ssl:warn] [pid 12460:tid 612] AH01909: www.example.com:443:0 server certificate does NOT include an ID which matches the server name
[Tue Apr 24 08:40:26.127462 2018] [mpm_winnt:notice] [pid 12460:tid 612] AH00455: Apache/2.4.28 (Win32) OpenSSL/1.0.2l PHP/7.1.10 configured -- resuming normal operations
[Tue Apr 24 08:40:26.127462 2018] [mpm_winnt:notice] [pid 12460:tid 612] AH00456: Apache Lounge VC14 Server built: Oct  4 2017 11:36:32
[Tue Apr 24 08:40:26.127462 2018] [core:notice] [pid 12460:tid 612] AH00094: Command line: 'apache\\bin\\httpd.exe -d E:/Moodle/server/apache -f conf\\httpd.conf'
[Tue Apr 24 08:40:26.163052 2018] [mpm_winnt:notice] [pid 12460:tid 612] AH00418: Parent: Created child process 21056
[Tue Apr 24 08:40:27.161631 2018] [ssl:warn] [pid 21056:tid 676] AH01909: www.example.com:443:0 server certificate does NOT include an ID which matches the server name
[Tue Apr 24 08:40:27.402803 2018] [ssl:warn] [pid 21056:tid 676] AH01909: www.example.com:443:0 server certificate does NOT include an ID which matches the server name
[Tue Apr 24 08:40:27.431823 2018] [mpm_winnt:notice] [pid 21056:tid 676] AH00354: Child: Starting 150 worker threads.
[Tue Apr 24 08:40:32.751462 2018] [mpm_winnt:notice] [pid 12460:tid 612] AH00428: Parent: child process 21056 exited with status 3221226356 -- Restarting.
[Tue Apr 24 08:40:33.369903 2018] [ssl:warn] [pid 12460:tid 612] AH01909: www.example.com:443:0 server certificate does NOT include an ID which matches the server name
[Tue Apr 24 08:40:33.393924 2018] [mpm_winnt:notice] [pid 12460:tid 612] AH00455: Apache/2.4.28 (Win32) OpenSSL/1.0.2l PHP/7.1.10 configured -- resuming normal operations
[Tue Apr 24 08:40:33.393924 2018] [mpm_winnt:notice] [pid 12460:tid 612] AH00456: Apache Lounge VC14 Server built: Oct  4 2017 11:36:32
[Tue Apr 24 08:40:33.393924 2018] [core:notice] [pid 12460:tid 612] AH00094: Command line: 'apache\\bin\\httpd.exe -d E:/Moodle/server/apache -f conf\\httpd.conf'
[Tue Apr 24 08:40:33.430301 2018] [mpm_winnt:notice] [pid 12460:tid 612] AH00418: Parent: Created child process 14820
[Tue Apr 24 08:40:34.503794 2018] [ssl:warn] [pid 14820:tid 636] AH01909: www.example.com:443:0 server certificate does NOT include an ID which matches the server name
[Tue Apr 24 08:40:34.740960 2018] [ssl:warn] [pid 14820:tid 636] AH01909: www.example.com:443:0 server certificate does NOT include an ID which matches the server name
[Tue Apr 24 08:40:34.767980 2018] [mpm_winnt:notice] [pid 14820:tid 636] AH00354: Child: Starting 150 worker threads.
[Tue Apr 24 08:42:57.183612 2018] [mpm_winnt:notice] [pid 12460:tid 612] AH00428: Parent: child process 14820 exited with status 3221226356 -- Restarting.
[Tue Apr 24 08:42:57.520686 2018] [ssl:warn] [pid 12460:tid 612] AH01909: www.example.com:443:0 server certificate does NOT include an ID which matches the server name
[Tue Apr 24 08:42:57.543701 2018] [mpm_winnt:notice] [pid 12460:tid 612] AH00455: Apache/2.4.28 (Win32) OpenSSL/1.0.2l PHP/7.1.10 configured -- resuming normal operations
[Tue Apr 24 08:42:57.543701 2018] [mpm_winnt:notice] [pid 12460:tid 612] AH00456: Apache Lounge VC14 Server built: Oct  4 2017 11:36:32
[Tue Apr 24 08:42:57.543701 2018] [core:notice] [pid 12460:tid 612] AH00094: Command line: 'apache\\bin\\httpd.exe -d E:/Moodle/server/apache -f conf\\httpd.conf'
[Tue Apr 24 08:42:57.576707 2018] [mpm_winnt:notice] [pid 12460:tid 612] AH00418: Parent: Created child process 7808
Apache server shutdown initiated...
sl:warn] [pid 7808:tid 652] AH01909: www.example.com:443:0 server certificate does NOT include an ID which matches the server name
[Tue Apr 24 08:42:58.860474 2018] [ssl:warn] [pid 7808:tid 652] AH01909: www.example.com:443:0 server certificate does NOT include an ID which matches the server name
[Tue Apr 24 08:42:58.883492 2018] [mpm_winnt:notice] [pid 7808:tid 652] AH00354: Child: Starting 150 worker threads.
[Tue Apr 24 08:44:01.715669 2018] [mpm_winnt:notice] [pid 12460:tid 612] AH00422: Parent: Received shutdown signal -- Shutting down the server.
[Tue Apr 24 08:44:03.718095 2018] [mpm_winnt:notice] [pid 7808:tid 652] AH00364: Child: All worker threads have exited.
[Tue Apr 24 08:44:03.796075 2018] [mpm_winnt:notice] [pid 12460:tid 612] AH00430: Parent: Child process 7808 exited successfully.
[Tue Apr 24 09:28:30.496463 2018] [ssl:warn] [pid 23676:tid 616] AH01909: www.example.com:443:0 server certificate does NOT include an ID which matches the server name
[Tue Apr 24 09:28:31.418351 2018] [ssl:warn] [pid 23676:tid 616] AH01909: www.example.com:443:0 server certificate does NOT include an ID which matches the server name
[Tue Apr 24 09:28:36.597607 2018] [mpm_winnt:notice] [pid 23676:tid 616] AH00455: Apache/2.4.28 (Win32) OpenSSL/1.0.2l PHP/7.1.10 configured -- resuming normal operations
[Tue Apr 24 09:28:36.597607 2018] [mpm_winnt:notice] [pid 23676:tid 616] AH00456: Apache Lounge VC14 Server built: Oct  4 2017 11:36:32
[Tue Apr 24 09:28:36.597607 2018] [core:notice] [pid 23676:tid 616] AH00094: Command line: 'apache\\bin\\httpd.exe -d E:/Moodle/server/apache -f conf\\httpd.conf'
[Tue Apr 24 09:28:36.738274 2018] [mpm_winnt:notice] [pid 23676:tid 616] AH00418: Parent: Created child process 25628
[Tue Apr 24 09:28:37.821529 2018] [ssl:warn] [pid 25628:tid 660] AH01909: www.example.com:443:0 server certificate does NOT include an ID which matches the server name
[Tue Apr 24 09:28:38.194303 2018] [ssl:warn] [pid 25628:tid 660] AH01909: www.example.com:443:0 server certificate does NOT include an ID which matches the server name
[Tue Apr 24 09:28:38.274308 2018] [mpm_winnt:notice] [pid 25628:tid 660] AH00354: Child: Starting 150 worker threads.
[Tue Apr 24 09:31:21.472820 2018] [mpm_winnt:notice] [pid 23676:tid 616] AH00428: Parent: child process 25628 exited with status 3221226356 -- Restarting.
[Tue Apr 24 09:31:21.859685 2018] [ssl:warn] [pid 23676:tid 616] AH01909: www.example.com:443:0 server certificate does NOT include an ID which matches the server name
[Tue Apr 24 09:31:21.883180 2018] [mpm_winnt:notice] [pid 23676:tid 616] AH00455: Apache/2.4.28 (Win32) OpenSSL/1.0.2l PHP/7.1.10 configured -- resuming normal operations
[Tue Apr 24 09:31:21.883180 2018] [mpm_winnt:notice] [pid 23676:tid 616] AH00456: Apache Lounge VC14 Server built: Oct  4 2017 11:36:32
[Tue Apr 24 09:31:21.883180 2018] [core:notice] [pid 23676:tid 616] AH00094: Command line: 'apache\\bin\\httpd.exe -d E:/Moodle/server/apache -f conf\\httpd.conf'
[Tue Apr 24 09:31:21.923453 2018] [mpm_winnt:notice] [pid 23676:tid 616] AH00418: Parent: Created child process 8140
[Tue Apr 24 09:31:22.894563 2018] [ssl:warn] [pid 8140:tid 700] AH01909: www.example.com:443:0 server certificate does NOT include an ID which matches the server name
[Tue Apr 24 09:31:23.123725 2018] [ssl:warn] [pid 8140:tid 700] AH01909: www.example.com:443:0 server certificate does NOT include an ID which matches the server name
[Tue Apr 24 09:31:23.152744 2018] [mpm_winnt:notice] [pid 8140:tid 700] AH00354: Child: Starting 150 worker threads.
[Tue Apr 24 09:31:37.533417 2018] [mpm_winnt:notice] [pid 23676:tid 616] AH00428: Parent: child process 8140 exited with status 3221226356 -- Restarting.
[Tue Apr 24 09:31:37.882816 2018] [ssl:warn] [pid 23676:tid 616] AH01909: www.example.com:443:0 server certificate does NOT include an ID which matches the server name
[Tue Apr 24 09:31:37.905758 2018] [mpm_winnt:notice] [pid 23676:tid 616] AH00455: Apache/2.4.28 (Win32) OpenSSL/1.0.2l PHP/7.1.10 configured -- resuming normal operations
[Tue Apr 24 09:31:37.905758 2018] [mpm_winnt:notice] [pid 23676:tid 616] AH00456: Apache Lounge VC14 Server built: Oct  4 2017 11:36:32
[Tue Apr 24 09:31:37.905758 2018] [core:notice] [pid 23676:tid 616] AH00094: Command line: 'apache\\bin\\httpd.exe -d E:/Moodle/server/apache -f conf\\httpd.conf'
[Tue Apr 24 09:31:37.985519 2018] [mpm_winnt:notice] [pid 23676:tid 616] AH00418: Parent: Created child process 16248
[Tue Apr 24 09:31:39.092273 2018] [ssl:warn] [pid 16248:tid 640] AH01909: www.example.com:443:0 server certificate does NOT include an ID which matches the server name
[Tue Apr 24 09:31:39.331444 2018] [ssl:warn] [pid 16248:tid 640] AH01909: www.example.com:443:0 server certificate does NOT include an ID which matches the server name
[Tue Apr 24 09:31:39.359464 2018] [mpm_winnt:notice] [pid 16248:tid 640] AH00354: Child: Starting 150 worker threads.
[Tue Apr 24 09:36:00.443057 2018] [mpm_winnt:notice] [pid 23676:tid 616] AH00428: Parent: child process 16248 exited with status 3221226356 -- Restarting.
[Tue Apr 24 09:36:00.779656 2018] [ssl:warn] [pid 23676:tid 616] AH01909: www.example.com:443:0 server certificate does NOT include an ID which matches the server name
[Tue Apr 24 09:36:00.802516 2018] [mpm_winnt:notice] [pid 23676:tid 616] AH00455: Apache/2.4.28 (Win32) OpenSSL/1.0.2l PHP/7.1.10 configured -- resuming normal operations
[Tue Apr 24 09:36:00.802516 2018] [mpm_winnt:notice] [pid 23676:tid 616] AH00456: Apache Lounge VC14 Server built: Oct  4 2017 11:36:32
[Tue Apr 24 09:36:00.802516 2018] [core:notice] [pid 23676:tid 616] AH00094: Command line: 'apache\\bin\\httpd.exe -d E:/Moodle/server/apache -f conf\\httpd.conf'
[Tue Apr 24 09:36:00.835199 2018] [mpm_winnt:notice] [pid 23676:tid 616] AH00418: Parent: Created child process 6612
[Tue Apr 24 09:36:02.003650 2018] [ssl:warn] [pid 6612:tid 212] AH01909: www.example.com:443:0 server certificate does NOT include an ID which matches the server name
[Tue Apr 24 09:36:02.228814 2018] [ssl:warn] [pid 6612:tid 212] AH01909: www.example.com:443:0 server certificate does NOT include an ID which matches the server name
[Tue Apr 24 09:36:02.254832 2018] [mpm_winnt:notice] [pid 6612:tid 212] AH00354: Child: Starting 150 worker threads.
[Tue Apr 24 09:38:58.406867 2018] [mpm_winnt:notice] [pid 23676:tid 616] AH00428: Parent: child process 6612 exited with status 3221226356 -- Restarting.
[Tue Apr 24 09:38:58.758963 2018] [ssl:warn] [pid 23676:tid 616] AH01909: www.example.com:443:0 server certificate does NOT include an ID which matches the server name
[Tue Apr 24 09:38:58.781260 2018] [mpm_winnt:notice] [pid 23676:tid 616] AH00455: Apache/2.4.28 (Win32) OpenSSL/1.0.2l PHP/7.1.10 configured -- resuming normal operations
[Tue Apr 24 09:38:58.781260 2018] [mpm_winnt:notice] [pid 23676:tid 616] AH00456: Apache Lounge VC14 Server built: Oct  4 2017 11:36:32
[Tue Apr 24 09:38:58.781260 2018] [core:notice] [pid 23676:tid 616] AH00094: Command line: 'apache\\bin\\httpd.exe -d E:/Moodle/server/apache -f conf\\httpd.conf'
[Tue Apr 24 09:38:58.819083 2018] [mpm_winnt:notice] [pid 23676:tid 616] AH00418: Parent: Created child process 17512
[Tue Apr 24 09:38:59.871250 2018] [ssl:warn] [pid 17512:tid 608] AH01909: www.example.com:443:0 server certificate does NOT include an ID which matches the server name
[Tue Apr 24 09:39:00.130433 2018] [ssl:warn] [pid 17512:tid 608] AH01909: www.example.com:443:0 server certificate does NOT include an ID which matches the server name
[Tue Apr 24 09:39:00.160456 2018] [mpm_winnt:notice] [pid 17512:tid 608] AH00354: Child: Starting 150 worker threads.
[Tue Apr 24 09:39:30.695663 2018] [mpm_winnt:notice] [pid 23676:tid 616] AH00428: Parent: child process 17512 exited with status 3221226356 -- Restarting.
[Tue Apr 24 09:39:31.088795 2018] [ssl:warn] [pid 23676:tid 616] AH01909: www.example.com:443:0 server certificate does NOT include an ID which matches the server name
[Tue Apr 24 09:39:31.111809 2018] [mpm_winnt:notice] [pid 23676:tid 616] AH00455: Apache/2.4.28 (Win32) OpenSSL/1.0.2l PHP/7.1.10 configured -- resuming normal operations
[Tue Apr 24 09:39:31.111809 2018] [mpm_winnt:notice] [pid 23676:tid 616] AH00456: Apache Lounge VC14 Server built: Oct  4 2017 11:36:32
[Tue Apr 24 09:39:31.111809 2018] [core:notice] [pid 23676:tid 616] AH00094: Command line: 'apache\\bin\\httpd.exe -d E:/Moodle/server/apache -f conf\\httpd.conf'
[Tue Apr 24 09:39:31.166869 2018] [mpm_winnt:notice] [pid 23676:tid 616] AH00418: Parent: Created child process 11908
[Tue Apr 24 09:39:32.422519 2018] [ssl:warn] [pid 11908:tid 572] AH01909: www.example.com:443:0 server certificate does NOT include an ID which matches the server name
[Tue Apr 24 09:39:32.677702 2018] [ssl:warn] [pid 11908:tid 572] AH01909: www.example.com:443:0 server certificate does NOT include an ID which matches the server name
[Tue Apr 24 09:39:32.705724 2018] [mpm_winnt:notice] [pid 11908:tid 572] AH00354: Child: Starting 150 worker threads.
[Tue Apr 24 09:39:53.205629 2018] [mpm_winnt:notice] [pid 23676:tid 616] AH00428: Parent: child process 11908 exited with status 3221226356 -- Restarting.
[Tue Apr 24 09:39:53.654456 2018] [ssl:warn] [pid 23676:tid 616] AH01909: www.example.com:443:0 server certificate does NOT include an ID which matches the server name
[Tue Apr 24 09:39:53.676723 2018] [mpm_winnt:notice] [pid 23676:tid 616] AH00455: Apache/2.4.28 (Win32) OpenSSL/1.0.2l PHP/7.1.10 configured -- resuming normal operations
[Tue Apr 24 09:39:53.676723 2018] [mpm_winnt:notice] [pid 23676:tid 616] AH00456: Apache Lounge VC14 Server built: Oct  4 2017 11:36:32
[Tue Apr 24 09:39:53.676723 2018] [core:notice] [pid 23676:tid 616] AH00094: Command line: 'apache\\bin\\httpd.exe -d E:/Moodle/server/apache -f conf\\httpd.conf'
[Tue Apr 24 09:39:53.733256 2018] [mpm_winnt:notice] [pid 23676:tid 616] AH00418: Parent: Created child process 12280
[Tue Apr 24 09:39:54.882207 2018] [ssl:warn] [pid 12280:tid 224] AH01909: www.example.com:443:0 server certificate does NOT include an ID which matches the server name
[Tue Apr 24 09:39:55.106384 2018] [ssl:warn] [pid 12280:tid 224] AH01909: www.example.com:443:0 server certificate does NOT include an ID which matches the server name
[Tue Apr 24 09:39:55.132385 2018] [mpm_winnt:notice] [pid 12280:tid 224] AH00354: Child: Starting 150 worker threads.
[Tue Apr 24 09:39:59.482179 2018] [mpm_winnt:notice] [pid 23676:tid 616] AH00428: Parent: child process 12280 exited with status 3221226356 -- Restarting.
[Tue Apr 24 09:39:59.888838 2018] [ssl:warn] [pid 23676:tid 616] AH01909: www.example.com:443:0 server certificate does NOT include an ID which matches the server name
[Tue Apr 24 09:39:59.910879 2018] [mpm_winnt:notice] [pid 23676:tid 616] AH00455: Apache/2.4.28 (Win32) OpenSSL/1.0.2l PHP/7.1.10 configured -- resuming normal operations
[Tue Apr 24 09:39:59.910879 2018] [mpm_winnt:notice] [pid 23676:tid 616] AH00456: Apache Lounge VC14 Server built: Oct  4 2017 11:36:32
[Tue Apr 24 09:39:59.910879 2018] [core:notice] [pid 23676:tid 616] AH00094: Command line: 'apache\\bin\\httpd.exe -d E:/Moodle/server/apache -f conf\\httpd.conf'
[Tue Apr 24 09:39:59.941250 2018] [mpm_winnt:notice] [pid 23676:tid 616] AH00418: Parent: Created child process 8588
[Tue Apr 24 09:40:00.990995 2018] [ssl:warn] [pid 8588:tid 668] AH01909: www.example.com:443:0 server certificate does NOT include an ID which matches the server name
[Tue Apr 24 09:40:01.216157 2018] [ssl:warn] [pid 8588:tid 668] AH01909: www.example.com:443:0 server certificate does NOT include an ID which matches the server name
[Tue Apr 24 09:40:01.241174 2018] [mpm_winnt:notice] [pid 8588:tid 668] AH00354: Child: Starting 150 worker threads.
[Tue Apr 24 09:40:04.626693 2018] [mpm_winnt:notice] [pid 23676:tid 616] AH00428: Parent: child process 8588 exited with status 3221226356 -- Restarting.
[Tue Apr 24 09:40:04.987336 2018] [ssl:warn] [pid 23676:tid 616] AH01909: www.example.com:443:0 server certificate does NOT include an ID which matches the server name
[Tue Apr 24 09:40:05.008733 2018] [mpm_winnt:notice] [pid 23676:tid 616] AH00455: Apache/2.4.28 (Win32) OpenSSL/1.0.2l PHP/7.1.10 configured -- resuming normal operations
[Tue Apr 24 09:40:05.008733 2018] [mpm_winnt:notice] [pid 23676:tid 616] AH00456: Apache Lounge VC14 Server built: Oct  4 2017 11:36:32
[Tue Apr 24 09:40:05.008733 2018] [core:notice] [pid 23676:tid 616] AH00094: Command line: 'apache\\bin\\httpd.exe -d E:/Moodle/server/apache -f conf\\httpd.conf'
[Tue Apr 24 09:40:05.042252 2018] [mpm_winnt:notice] [pid 23676:tid 616] AH00418: Parent: Created child process 25872
[Tue Apr 24 09:40:06.198073 2018] [ssl:warn] [pid 25872:tid 592] AH01909: www.example.com:443:0 server certificate does NOT include an ID which matches the server name
[Tue Apr 24 09:40:06.457257 2018] [ssl:warn] [pid 25872:tid 592] AH01909: www.example.com:443:0 server certificate does NOT include an ID which matches the server name
[Tue Apr 24 09:40:06.485275 2018] [mpm_winnt:notice] [pid 25872:tid 592] AH00354: Child: Starting 150 worker threads.
[Tue Apr 24 09:40:42.567418 2018] [mpm_winnt:notice] [pid 23676:tid 616] AH00428: Parent: child process 25872 exited with status 3221226356 -- Restarting.
[Tue Apr 24 09:40:43.024745 2018] [ssl:warn] [pid 23676:tid 616] AH01909: www.example.com:443:0 server certificate does NOT include an ID which matches the server name
[Tue Apr 24 09:40:43.046762 2018] [mpm_winnt:notice] [pid 23676:tid 616] AH00455: Apache/2.4.28 (Win32) OpenSSL/1.0.2l PHP/7.1.10 configured -- resuming normal operations
[Tue Apr 24 09:40:43.046762 2018] [mpm_winnt:notice] [pid 23676:tid 616] AH00456: Apache Lounge VC14 Server built: Oct  4 2017 11:36:32
[Tue Apr 24 09:40:43.046762 2018] [core:notice] [pid 23676:tid 616] AH00094: Command line: 'apache\\bin\\httpd.exe -d E:/Moodle/server/apache -f conf\\httpd.conf'
[Tue Apr 24 09:40:43.085813 2018] [mpm_winnt:notice] [pid 23676:tid 616] AH00418: Parent: Created child process 21460
[Tue Apr 24 09:40:44.142458 2018] [ssl:warn] [pid 21460:tid 600] AH01909: www.example.com:443:0 server certificate does NOT include an ID which matches the server name
[Tue Apr 24 09:40:44.361618 2018] [ssl:warn] [pid 21460:tid 600] AH01909: www.example.com:443:0 server certificate does NOT include an ID which matches the server name
[Tue Apr 24 09:40:44.385631 2018] [mpm_winnt:notice] [pid 21460:tid 600] AH00354: Child: Starting 150 worker threads.
[Tue Apr 24 09:42:05.444926 2018] [mpm_winnt:notice] [pid 23676:tid 616] AH00428: Parent: child process 21460 exited with status 3221226356 -- Restarting.
[Tue Apr 24 09:42:05.873539 2018] [ssl:warn] [pid 23676:tid 616] AH01909: www.example.com:443:0 server certificate does NOT include an ID which matches the server name
[Tue Apr 24 09:42:05.894152 2018] [mpm_winnt:notice] [pid 23676:tid 616] AH00455: Apache/2.4.28 (Win32) OpenSSL/1.0.2l PHP/7.1.10 configured -- resuming normal operations
[Tue Apr 24 09:42:05.894152 2018] [mpm_winnt:notice] [pid 23676:tid 616] AH00456: Apache Lounge VC14 Server built: Oct  4 2017 11:36:32
[Tue Apr 24 09:42:05.894152 2018] [core:notice] [pid 23676:tid 616] AH00094: Command line: 'apache\\bin\\httpd.exe -d E:/Moodle/server/apache -f conf\\httpd.conf'
[Tue Apr 24 09:42:06.148259 2018] [mpm_winnt:notice] [pid 23676:tid 616] AH00418: Parent: Created child process 7428
Apache server shutdown initiated...
sl:warn] [pid 7428:tid 620] AH01909: www.example.com:443:0 server certificate does NOT include an ID which matches the server name
[Tue Apr 24 09:42:07.384109 2018] [ssl:warn] [pid 7428:tid 620] AH01909: www.example.com:443:0 server certificate does NOT include an ID which matches the server name
[Tue Apr 24 09:42:07.412127 2018] [mpm_winnt:notice] [pid 7428:tid 620] AH00354: Child: Starting 150 worker threads.
[Tue Apr 24 09:47:10.794738 2018] [mpm_winnt:notice] [pid 23676:tid 616] AH00422: Parent: Received shutdown signal -- Shutting down the server.
[Tue Apr 24 09:47:12.797719 2018] [mpm_winnt:notice] [pid 7428:tid 620] AH00364: Child: All worker threads have exited.
[Tue Apr 24 09:47:12.879778 2018] [mpm_winnt:notice] [pid 23676:tid 616] AH00430: Parent: Child process 7428 exited successfully.
[Tue Apr 24 14:15:24.850542 2018] [ssl:warn] [pid 3356:tid 612] AH01909: www.example.com:443:0 server certificate does NOT include an ID which matches the server name
[Tue Apr 24 14:15:25.776625 2018] [ssl:warn] [pid 3356:tid 612] AH01909: www.example.com:443:0 server certificate does NOT include an ID which matches the server name
[Tue Apr 24 14:15:30.054421 2018] [mpm_winnt:notice] [pid 3356:tid 612] AH00455: Apache/2.4.28 (Win32) OpenSSL/1.0.2l PHP/7.1.10 configured -- resuming normal operations
[Tue Apr 24 14:15:30.054421 2018] [mpm_winnt:notice] [pid 3356:tid 612] AH00456: Apache Lounge VC14 Server built: Oct  4 2017 11:36:32
[Tue Apr 24 14:15:30.054421 2018] [core:notice] [pid 3356:tid 612] AH00094: Command line: 'apache\\bin\\httpd.exe -d E:/Moodle/server/apache -f conf\\httpd.conf'
[Tue Apr 24 14:15:30.195064 2018] [mpm_winnt:notice] [pid 3356:tid 612] AH00418: Parent: Created child process 12808
[Tue Apr 24 14:15:31.272810 2018] [ssl:warn] [pid 12808:tid 616] AH01909: www.example.com:443:0 server certificate does NOT include an ID which matches the server name
[Tue Apr 24 14:15:31.600937 2018] [ssl:warn] [pid 12808:tid 616] AH01909: www.example.com:443:0 server certificate does NOT include an ID which matches the server name
[Tue Apr 24 14:15:31.710314 2018] [mpm_winnt:notice] [pid 12808:tid 616] AH00354: Child: Starting 150 worker threads.
[Tue Apr 24 14:17:54.725712 2018] [mpm_winnt:notice] [pid 3356:tid 612] AH00428: Parent: child process 12808 exited with status 3221226356 -- Restarting.
[Tue Apr 24 14:17:55.080172 2018] [ssl:warn] [pid 3356:tid 612] AH01909: www.example.com:443:0 server certificate does NOT include an ID which matches the server name
[Tue Apr 24 14:17:55.103204 2018] [mpm_winnt:notice] [pid 3356:tid 612] AH00455: Apache/2.4.28 (Win32) OpenSSL/1.0.2l PHP/7.1.10 configured -- resuming normal operations
[Tue Apr 24 14:17:55.103204 2018] [mpm_winnt:notice] [pid 3356:tid 612] AH00456: Apache Lounge VC14 Server built: Oct  4 2017 11:36:32
[Tue Apr 24 14:17:55.103204 2018] [core:notice] [pid 3356:tid 612] AH00094: Command line: 'apache\\bin\\httpd.exe -d E:/Moodle/server/apache -f conf\\httpd.conf'
[Tue Apr 24 14:17:55.168259 2018] [mpm_winnt:notice] [pid 3356:tid 612] AH00418: Parent: Created child process 16980
[Tue Apr 24 14:17:56.449606 2018] [ssl:warn] [pid 16980:tid 620] AH01909: www.example.com:443:0 server certificate does NOT include an ID which matches the server name
[Tue Apr 24 14:17:56.783844 2018] [ssl:warn] [pid 16980:tid 620] AH01909: www.example.com:443:0 server certificate does NOT include an ID which matches the server name
[Tue Apr 24 14:17:56.818869 2018] [mpm_winnt:notice] [pid 16980:tid 620] AH00354: Child: Starting 150 worker threads.
[Sat Apr 28 12:03:05.937313 2018] [mpm_winnt:notice] [pid 3356:tid 612] AH00422: Parent: Received shutdown signal -- Shutting down the server.
[Sat Apr 28 12:03:07.940795 2018] [mpm_winnt:notice] [pid 16980:tid 620] AH00364: Child: All worker threads have exited.
[Sat Apr 28 12:03:08.607269 2018] [mpm_winnt:notice] [pid 3356:tid 612] AH00430: Parent: Child process 16980 exited successfully.
[Thu May 10 14:18:43.270930 2018] [ssl:warn] [pid 72:tid 680] AH01909: www.example.com:443:0 server certificate does NOT include an ID which matches the server name
[Thu May 10 14:18:43.722623 2018] [ssl:warn] [pid 72:tid 680] AH01909: www.example.com:443:0 server certificate does NOT include an ID which matches the server name
[Thu May 10 14:18:50.904512 2018] [mpm_winnt:notice] [pid 72:tid 680] AH00455: Apache/2.4.28 (Win32) OpenSSL/1.0.2l PHP/7.1.10 configured -- resuming normal operations
[Thu May 10 14:18:50.905012 2018] [mpm_winnt:notice] [pid 72:tid 680] AH00456: Apache Lounge VC14 Server built: Oct  4 2017 11:36:32
[Thu May 10 14:18:50.905012 2018] [core:notice] [pid 72:tid 680] AH00094: Command line: 'apache\\bin\\httpd.exe -d E:/Moodle/server/apache -f conf\\httpd.conf'
[Thu May 10 14:18:50.927585 2018] [mpm_winnt:notice] [pid 72:tid 680] AH00418: Parent: Created child process 14556
[Thu May 10 14:18:53.084939 2018] [ssl:warn] [pid 14556:tid 792] AH01909: www.example.com:443:0 server certificate does NOT include an ID which matches the server name
[Thu May 10 14:18:53.998750 2018] [ssl:warn] [pid 14556:tid 792] AH01909: www.example.com:443:0 server certificate does NOT include an ID which matches the server name
[Thu May 10 14:18:54.183309 2018] [mpm_winnt:notice] [pid 14556:tid 792] AH00354: Child: Starting 150 worker threads.
[Thu May 10 14:22:21.039955 2018] [mpm_winnt:notice] [pid 72:tid 680] AH00428: Parent: child process 14556 exited with status 3221226356 -- Restarting.
[Thu May 10 14:22:22.018968 2018] [ssl:warn] [pid 72:tid 680] AH01909: www.example.com:443:0 server certificate does NOT include an ID which matches the server name
[Thu May 10 14:22:22.109535 2018] [mpm_winnt:notice] [pid 72:tid 680] AH00455: Apache/2.4.28 (Win32) OpenSSL/1.0.2l PHP/7.1.10 configured -- resuming normal operations
[Thu May 10 14:22:22.110034 2018] [mpm_winnt:notice] [pid 72:tid 680] AH00456: Apache Lounge VC14 Server built: Oct  4 2017 11:36:32
[Thu May 10 14:22:22.110034 2018] [core:notice] [pid 72:tid 680] AH00094: Command line: 'apache\\bin\\httpd.exe -d E:/Moodle/server/apache -f conf\\httpd.conf'
[Thu May 10 14:22:22.114538 2018] [mpm_winnt:notice] [pid 72:tid 680] AH00418: Parent: Created child process 23668
[Thu May 10 14:22:24.406956 2018] [ssl:warn] [pid 23668:tid 680] AH01909: www.example.com:443:0 server certificate does NOT include an ID which matches the server name
[Thu May 10 14:22:24.916877 2018] [ssl:warn] [pid 23668:tid 680] AH01909: www.example.com:443:0 server certificate does NOT include an ID which matches the server name
[Thu May 10 14:22:24.969450 2018] [mpm_winnt:notice] [pid 23668:tid 680] AH00354: Child: Starting 150 worker threads.
[Thu May 10 15:23:16.407164 2018] [mpm_winnt:notice] [pid 72:tid 680] AH00428: Parent: child process 23668 exited with status 3221226356 -- Restarting.
[Thu May 10 15:23:18.818273 2018] [ssl:warn] [pid 72:tid 680] AH01909: www.example.com:443:0 server certificate does NOT include an ID which matches the server name
[Thu May 10 15:23:19.884057 2018] [mpm_winnt:notice] [pid 72:tid 680] AH00455: Apache/2.4.28 (Win32) OpenSSL/1.0.2l PHP/7.1.10 configured -- resuming normal operations
[Thu May 10 15:23:19.884057 2018] [mpm_winnt:notice] [pid 72:tid 680] AH00456: Apache Lounge VC14 Server built: Oct  4 2017 11:36:32
[Thu May 10 15:23:19.884057 2018] [core:notice] [pid 72:tid 680] AH00094: Command line: 'apache\\bin\\httpd.exe -d E:/Moodle/server/apache -f conf\\httpd.conf'
[Thu May 10 15:23:19.891557 2018] [mpm_winnt:notice] [pid 72:tid 680] AH00418: Parent: Created child process 21724
[Thu May 10 15:23:22.340411 2018] [ssl:warn] [pid 21724:tid 660] AH01909: www.example.com:443:0 server certificate does NOT include an ID which matches the server name
[Thu May 10 15:23:22.892305 2018] [ssl:warn] [pid 21724:tid 660] AH01909: www.example.com:443:0 server certificate does NOT include an ID which matches the server name
[Thu May 10 15:23:22.983596 2018] [mpm_winnt:notice] [pid 21724:tid 660] AH00354: Child: Starting 150 worker threads.
